This is pdfTeX, Version 3.141592653-2.6-1.40.27 (TeX Live 2025) (preloaded format=pdflatex)
 restricted \write18 enabled.
entering extended mode
(./main.tex
LaTeX2e <2024-11-01> patch level 2
L3 programming layer <2025-01-18>
(/usr/local/texlive/2025/texmf-dist/tex/latex/base/article.cls
Document Class: article 2024/06/29 v1.4n Standard LaTeX document class
(/usr/local/texlive/2025/texmf-dist/tex/latex/base/size11.clo))
(/usr/local/texlive/2025/texmf-dist/tex/latex/geometry/geometry.sty
(/usr/local/texlive/2025/texmf-dist/tex/latex/graphics/keyval.sty)
(/usr/local/texlive/2025/texmf-dist/tex/generic/iftex/ifvtex.sty
(/usr/local/texlive/2025/texmf-dist/tex/generic/iftex/iftex.sty)))
(/usr/local/texlive/2025/texmf-dist/tex/latex/base/fontenc.sty)
(/usr/local/texlive/2025/texmf-dist/tex/latex/base/inputenc.sty)
(/usr/local/texlive/2025/texmf-dist/tex/latex/amsmath/amsmath.sty
For additional information on amsmath, use the `?' option.
(/usr/local/texlive/2025/texmf-dist/tex/latex/amsmath/amstext.sty
(/usr/local/texlive/2025/texmf-dist/tex/latex/amsmath/amsgen.sty))
(/usr/local/texlive/2025/texmf-dist/tex/latex/amsmath/amsbsy.sty)
(/usr/local/texlive/2025/texmf-dist/tex/latex/amsmath/amsopn.sty))
(/usr/local/texlive/2025/texmf-dist/tex/latex/amsfonts/amssymb.sty
(/usr/local/texlive/2025/texmf-dist/tex/latex/amsfonts/amsfonts.sty))
(/usr/local/texlive/2025/texmf-dist/tex/latex/amscls/amsthm.sty)
(/usr/local/texlive/2025/texmf-dist/tex/latex/graphics/graphicx.sty
(/usr/local/texlive/2025/texmf-dist/tex/latex/graphics/graphics.sty
(/usr/local/texlive/2025/texmf-dist/tex/latex/graphics/trig.sty)
(/usr/local/texlive/2025/texmf-dist/tex/latex/graphics-cfg/graphics.cfg)
(/usr/local/texlive/2025/texmf-dist/tex/latex/graphics-def/pdftex.def)))
(/usr/local/texlive/2025/texmf-dist/tex/latex/booktabs/booktabs.sty)
(/usr/local/texlive/2025/texmf-dist/tex/latex/hyperref/hyperref.sty
(/usr/local/texlive/2025/texmf-dist/tex/latex/kvsetkeys/kvsetkeys.sty)
(/usr/local/texlive/2025/texmf-dist/tex/generic/kvdefinekeys/kvdefinekeys.sty)
(/usr/local/texlive/2025/texmf-dist/tex/generic/pdfescape/pdfescape.sty
(/usr/local/texlive/2025/texmf-dist/tex/generic/ltxcmds/ltxcmds.sty)
(/usr/local/texlive/2025/texmf-dist/tex/generic/pdftexcmds/pdftexcmds.sty
(/usr/local/texlive/2025/texmf-dist/tex/generic/infwarerr/infwarerr.sty)))
(/usr/local/texlive/2025/texmf-dist/tex/latex/hycolor/hycolor.sty)
(/usr/local/texlive/2025/texmf-dist/tex/latex/hyperref/nameref.sty
(/usr/local/texlive/2025/texmf-dist/tex/latex/refcount/refcount.sty)
(/usr/local/texlive/2025/texmf-dist/tex/generic/gettitlestring/gettitlestring.s
ty (/usr/local/texlive/2025/texmf-dist/tex/latex/kvoptions/kvoptions.sty)))
(/usr/local/texlive/2025/texmf-dist/tex/latex/etoolbox/etoolbox.sty)
(/usr/local/texlive/2025/texmf-dist/tex/generic/stringenc/stringenc.sty)
(/usr/local/texlive/2025/texmf-dist/tex/latex/hyperref/pd1enc.def)
(/usr/local/texlive/2025/texmf-dist/tex/generic/intcalc/intcalc.sty)
(/usr/local/texlive/2025/texmf-dist/tex/latex/hyperref/puenc.def)
(/usr/local/texlive/2025/texmf-dist/tex/latex/url/url.sty)
(/usr/local/texlive/2025/texmf-dist/tex/generic/bitset/bitset.sty
(/usr/local/texlive/2025/texmf-dist/tex/generic/bigintcalc/bigintcalc.sty))
(/usr/local/texlive/2025/texmf-dist/tex/latex/base/atbegshi-ltx.sty))
(/usr/local/texlive/2025/texmf-dist/tex/latex/hyperref/hpdftex.def
(/usr/local/texlive/2025/texmf-dist/tex/latex/base/atveryend-ltx.sty)
(/usr/local/texlive/2025/texmf-dist/tex/latex/rerunfilecheck/rerunfilecheck.sty

(/usr/local/texlive/2025/texmf-dist/tex/generic/uniquecounter/uniquecounter.sty
))) (/usr/local/texlive/2025/texmf-dist/tex/latex/cleveref/cleveref.sty)
(/usr/local/texlive/2025/texmf-dist/tex/latex/glossaries/base/glossaries.sty
(/usr/local/texlive/2025/texmf-dist/tex/latex/base/ifthen.sty)
(/usr/local/texlive/2025/texmf-dist/tex/latex/xkeyval/xkeyval.sty
(/usr/local/texlive/2025/texmf-dist/tex/generic/xkeyval/xkeyval.tex
(/usr/local/texlive/2025/texmf-dist/tex/generic/xkeyval/xkvutils.tex)))
(/usr/local/texlive/2025/texmf-dist/tex/latex/mfirstuc/mfirstuc.sty)
(/usr/local/texlive/2025/texmf-dist/tex/latex/xfor/xfor.sty)
(/usr/local/texlive/2025/texmf-dist/tex/latex/datatool/datatool-base.sty
(/usr/local/texlive/2025/texmf-dist/tex/latex/tracklang/tracklang.sty
(/usr/local/texlive/2025/texmf-dist/tex/generic/tracklang/tracklang.tex))
(/usr/local/texlive/2025/texmf-dist/tex/latex/datatool/datatool-l3fp.def)
(/usr/local/texlive/2025/texmf-dist/tex/latex/datatool/datatool-utf8.ldf))
(/usr/local/texlive/2025/texmf-dist/tex/latex/glossaries/styles/glossary-hypern
av.sty)
(/usr/local/texlive/2025/texmf-dist/tex/latex/glossaries/styles/glossary-list.s
ty)
(/usr/local/texlive/2025/texmf-dist/tex/latex/glossaries/styles/glossary-long.s
ty (/usr/local/texlive/2025/texmf-dist/tex/latex/tools/longtable.sty))
(/usr/local/texlive/2025/texmf-dist/tex/latex/glossaries/styles/glossary-super.
sty (/usr/local/texlive/2025/texmf-dist/tex/latex/supertabular/supertabular.sty
))
(/usr/local/texlive/2025/texmf-dist/tex/latex/glossaries/styles/glossary-tree.s
ty)) (/usr/local/texlive/2025/texmf-dist/tex/latex/csquotes/csquotes.sty
(/usr/local/texlive/2025/texmf-dist/tex/latex/csquotes/csquotes.def)
(/usr/local/texlive/2025/texmf-dist/tex/latex/csquotes/csquotes.cfg))
(/usr/local/texlive/2025/texmf-dist/tex/latex/microtype/microtype.sty
(/usr/local/texlive/2025/texmf-dist/tex/latex/microtype/microtype-pdftex.def)
(/usr/local/texlive/2025/texmf-dist/tex/latex/microtype/microtype.cfg))
(/usr/local/texlive/2025/texmf-dist/tex/latex/xcolor/xcolor.sty
(/usr/local/texlive/2025/texmf-dist/tex/latex/graphics-cfg/color.cfg)
(/usr/local/texlive/2025/texmf-dist/tex/latex/graphics/mathcolor.ltx))
(/usr/local/texlive/2025/texmf-dist/tex/latex/caption/subcaption.sty
(/usr/local/texlive/2025/texmf-dist/tex/latex/caption/caption.sty
(/usr/local/texlive/2025/texmf-dist/tex/latex/caption/caption3.sty)
(/usr/local/texlive/2025/texmf-dist/tex/latex/caption/ltcaption.sty)))
(/usr/local/texlive/2025/texmf-dist/tex/latex/natbib/natbib.sty)
(/usr/local/texlive/2025/texmf-dist/tex/latex/l3backend/l3backend-pdftex.def)
No file main.aux.
*geometry* driver: auto-detecting
*geometry* detected driver: pdftex
(/usr/local/texlive/2025/texmf-dist/tex/context/base/mkii/supp-pdf.mkii
[Loading MPS to PDF converter (version 2006.09.02).]
) (/usr/local/texlive/2025/texmf-dist/tex/latex/epstopdf-pkg/epstopdf-base.sty
(/usr/local/texlive/2025/texmf-dist/tex/latex/grfext/grfext.sty)
(/usr/local/texlive/2025/texmf-dist/tex/latex/latexconfig/epstopdf-sys.cfg))
(./main.out) (./main.out)
(/usr/local/texlive/2025/texmf-dist/tex/latex/microtype/mt-cmr.cfg)
(/usr/local/texlive/2025/texmf-dist/tex/latex/amsfonts/umsa.fd)
(/usr/local/texlive/2025/texmf-dist/tex/latex/microtype/mt-msa.cfg)
(/usr/local/texlive/2025/texmf-dist/tex/latex/amsfonts/umsb.fd)
(/usr/local/texlive/2025/texmf-dist/tex/latex/microtype/mt-msb.cfg)

Package natbib Warning: Citation `oroojlooyjadid2022' on page 1 undefined on in
put line 117.


Package natbib Warning: Citation `lalmohammed2025' on page 1 undefined on input
 line 124.


Package natbib Warning: Citation `ethayarajh2024kto' on page 1 undefined on inp
ut line 124.


Package natbib Warning: Citation `liu2023lazy' on page 1 undefined on input lin
e 129.


Package natbib Warning: Citation `peng2023curo' on page 1 undefined on input li
ne 129.


Package natbib Warning: Citation `tversky1992' on page 1 undefined on input lin
e 146.


Package natbib Warning: Citation `lalmohammed2025' on page 1 undefined on input
 line 148.


[1{/usr/local/texlive/2025/texmf-var/fonts/map/pdftex/updmap/pdftex.map}{/usr/l
ocal/texlive/2025/texmf-dist/fonts/enc/dvips/cm-super/cm-super-t1.enc}{/usr/loc
al/texlive/2025/texmf-dist/fonts/enc/dvips/cm-super/cm-super-ts1.enc}]

LaTeX Warning: Reference `fig:heatmap' on page 1 undefined on input line 182.


LaTeX Warning: Reference `fig:decomposition' on page 1 undefined on input line 
184.


LaTeX Warning: Reference `sec:results_behavioral' on page 2 undefined on input 
line 204.


LaTeX Warning: Reference `sec:results_behavioral' on page 2 undefined on input 
line 204.


Package natbib Warning: Citation `lowe2017maddpg' on page 2 undefined on input 
line 216.


Package natbib Warning: Citation `liu2023lazy' on page 2 undefined on input lin
e 228.


Package natbib Warning: Citation `peng2023curo' on page 2 undefined on input li
ne 228.


Package natbib Warning: Citation `kahneman1979' on page 2 undefined on input li
ne 236.


Package natbib Warning: Citation `tversky1992' on page 2 undefined on input lin
e 239.


[2]

LaTeX Warning: Reference `eq:cpt' on page 1 undefined on input line 266.


Package natbib Warning: Citation `lalmohammed2025' on page 3 undefined on input
 line 267.


Package natbib Warning: Citation `liu2023lazy' on page 3 undefined on input lin
e 277.


Package natbib Warning: Citation `peng2023curo' on page 3 undefined on input li
ne 278.


Package natbib Warning: Citation `weng2026' on page 3 undefined on input line 2
81.


Package natbib Warning: Citation `dmarl2025' on page 3 undefined on input line 
284.


Package natbib Warning: Citation `wang2025maca' on page 3 undefined on input li
ne 290.


Package natbib Warning: Citation `jiang2018dgn' on page 3 undefined on input li
ne 295.


Package natbib Warning: Citation `zhang2026lcerd' on page 3 undefined on input 
line 295.


[3 </Users/Agriya/Desktop/prospect theory/docs/expT_figures/collapse_heatmap.pn
g>]

Package natbib Warning: Citation `yamaguchi2025' on page 4 undefined on input l
ine 301.


Package natbib Warning: Citation `lalmohammed2025' on page 4 undefined on input
 line 311.


Package natbib Warning: Citation `qiu2021rmix' on page 4 undefined on input lin
e 320.


Package natbib Warning: Citation `xie2023riskq' on page 4 undefined on input li
ne 320.


Package natbib Warning: Citation `xie2023riskq' on page 4 undefined on input li
ne 327.


Package natbib Warning: Citation `mengesha2026' on page 4 undefined on input li
ne 330.


Package natbib Warning: Citation `oroojlooyjadid2022' on page 4 undefined on in
put line 337.


Package natbib Warning: Citation `gijsbrechts2022' on page 4 undefined on input
 line 340.


Package natbib Warning: Citation `marlim2023' on page 4 undefined on input line
 343.


LaTeX Warning: Reference `sec:appendix_robustness' on page 1 undefined on input
 line 368.


[4]

Package natbib Warning: Citation `hubbs2020orgym' on page 5 undefined on input 
line 408.


Package natbib Warning: Citation `schulman2017ppo' on page 5 undefined on input
 line 421.


Package natbib Warning: Citation `raffin2021sb3' on page 5 undefined on input l
ine 423.


Package natbib Warning: Citation `terry2021pettingzoo' on page 5 undefined on i
nput line 423.


Package natbib Warning: Citation `terry2020supersuit' on page 5 undefined on in
put line 424.


LaTeX Warning: Reference `tab:experiments' on page 1 undefined on input line 42
8.


LaTeX Warning: Reference `fig:heatmap' on page 1 undefined on input line 473.


[5]

LaTeX Warning: Reference `fig:heatmap' on page 1 undefined on input line 484.


LaTeX Warning: Reference `fig:wcrit_lambda' on page 1 undefined on input line 5
38.


LaTeX Warning: Reference `sec:results_behavioral' on page 1 undefined on input 
line 572.


LaTeX Warning: Reference `sec:results_behavioral' on page 1 undefined on input 
line 572.


LaTeX Warning: Reference `tab:decomposition' on page 1 undefined on input line 
577.


LaTeX Warning: Reference `fig:decomposition' on page 1 undefined on input line 
577.


LaTeX Warning: Reference `sec:results_behavioral' on page 1 undefined on input 
line 612.


LaTeX Warning: Reference `sec:results_behavioral' on page 1 undefined on input 
line 612.


[6]
[7 </Users/Agriya/Desktop/prospect theory/docs/expB_reduced_figures/fig2_behavi
oral_decomposition.png>]

Package natbib Warning: Citation `lalmohammed2025' on page 8 undefined on input
 line 635.


Package natbib Warning: Citation `anon2024risk' on page 8 undefined on input li
ne 635.


Package natbib Warning: Citation `tversky1992' on page 8 undefined on input lin
e 642.


LaTeX Warning: Reference `tab:decomposition' on page 1 undefined on input line 
647.


Package natbib Warning: Citation `weng2026' on page 8 undefined on input line 6
55.


[8 </Users/Agriya/Desktop/prospect theory/docs/expB_reduced_figures/expB_wcrit_
vs_lambda.png>]

Package natbib Warning: Citation `yamaguchi2025' on page 9 undefined on input l
ine 662.


Overfull \hbox (18.07951pt too wide) in paragraph at lines 662--669
[]\T1/cmr/bx/n/10.95 (-20) ? \T1/cmr/m/n/10.95 (-20) con-struct a phase di-a-gr
am in $\OT1/cmr/m/n/10.95 (-20) (\OML/cmm/m/it/10.95 L; ^^Z\OT1/cmr/m/n/10.95 (
-20) )$ \T1/cmr/m/n/10.95 (-20) space for IQL, iden-ti-fy-ing anal-o-gous co-or
-di-nated/fragile/jammed

LaTeX Warning: Reference `eq:collapse' on page 1 undefined on input line 718.

No file main.bbl.

Package natbib Warning: There were undefined citations.


[9] (./main.aux)

LaTeX Warning: There were undefined references.


LaTeX Warning: Label(s) may have changed. Rerun to get cross-references right.

 )
(see the transcript file for additional information)</usr/local/texlive/2025/te
xmf-dist/fonts/type1/public/amsfonts/cm/cmbx10.pfb></usr/local/texlive/2025/tex
mf-dist/fonts/type1/public/amsfonts/cm/cmex10.pfb></usr/local/texlive/2025/texm
f-dist/fonts/type1/public/amsfonts/cm/cmmi10.pfb></usr/local/texlive/2025/texmf
-dist/fonts/type1/public/amsfonts/cm/cmmi8.pfb></usr/local/texlive/2025/texmf-d
ist/fonts/type1/public/amsfonts/cm/cmmi9.pfb></usr/local/texlive/2025/texmf-dis
t/fonts/type1/public/amsfonts/cm/cmr10.pfb></usr/local/texlive/2025/texmf-dist/
fonts/type1/public/amsfonts/cm/cmr6.pfb></usr/local/texlive/2025/texmf-dist/fon
ts/type1/public/amsfonts/cm/cmr7.pfb></usr/local/texlive/2025/texmf-dist/fonts/
type1/public/amsfonts/cm/cmr8.pfb></usr/local/texlive/2025/texmf-dist/fonts/typ
e1/public/amsfonts/cm/cmr9.pfb></usr/local/texlive/2025/texmf-dist/fonts/type1/
public/amsfonts/cm/cmsy10.pfb></usr/local/texlive/2025/texmf-dist/fonts/type1/p
ublic/amsfonts/cm/cmsy7.pfb></usr/local/texlive/2025/texmf-dist/fonts/type1/pub
lic/amsfonts/cm/cmsy8.pfb></usr/local/texlive/2025/texmf-dist/fonts/type1/publi
c/amsfonts/cm/cmsy9.pfb></usr/local/texlive/2025/texmf-dist/fonts/type1/public/
amsfonts/symbols/msam10.pfb></usr/local/texlive/2025/texmf-dist/fonts/type1/pub
lic/cm-super/sfbx1000.pfb></usr/local/texlive/2025/texmf-dist/fonts/type1/publi
c/cm-super/sfbx1095.pfb></usr/local/texlive/2025/texmf-dist/fonts/type1/public/
cm-super/sfbx1200.pfb></usr/local/texlive/2025/texmf-dist/fonts/type1/public/cm
-super/sfbx1440.pfb></usr/local/texlive/2025/texmf-dist/fonts/type1/public/cm-s
uper/sfbx1728.pfb></usr/local/texlive/2025/texmf-dist/fonts/type1/public/cm-sup
er/sfrm0600.pfb></usr/local/texlive/2025/texmf-dist/fonts/type1/public/cm-super
/sfrm0800.pfb></usr/local/texlive/2025/texmf-dist/fonts/type1/public/cm-super/s
frm0900.pfb></usr/local/texlive/2025/texmf-dist/fonts/type1/public/cm-super/sfr
m1000.pfb></usr/local/texlive/2025/texmf-dist/fonts/type1/public/cm-super/sfrm1
095.pfb></usr/local/texlive/2025/texmf-dist/fonts/type1/public/cm-super/sfrm120
0.pfb></usr/local/texlive/2025/texmf-dist/fonts/type1/public/cm-super/sfti1000.
pfb></usr/local/texlive/2025/texmf-dist/fonts/type1/public/cm-super/sfti1095.pf
b></usr/local/texlive/2025/texmf-dist/fonts/type1/public/cm-super/sftt0900.pfb>
</usr/local/texlive/2025/texmf-dist/fonts/type1/public/cm-super/sftt1095.pfb>
Output written on main.pdf (9 pages, 653059 bytes).
Transcript written on main.log.
