Exp 0b: 104 runs (Piece1 40 @600k single; Piece2 64 @300k single+segmented), procs=5
[  1/104] w=0.60 seed=43 single    600k -> collapsed=0 convS=10.9
[  2/104] w=0.60 seed=44 single    600k -> collapsed=1 convS=0.0
[  3/104] w=0.60 seed=45 single    600k -> collapsed=0 convS=9.0
[  4/104] w=0.60 seed=42 single    600k -> collapsed=0 convS=11.1
[  5/104] w=0.60 seed=46 single    600k -> collapsed=1 convS=0.2
[  6/104] w=0.60 seed=47 single    600k -> collapsed=1 convS=0.0
[  7/104] w=0.60 seed=48 single    600k -> collapsed=1 convS=4.7
[  8/104] w=0.60 seed=50 single    600k -> collapsed=0 convS=10.7
[  9/104] w=0.60 seed=49 single    600k -> collapsed=1 convS=0.0
[ 10/104] w=0.60 seed=51 single    600k -> collapsed=0 convS=9.4
[ 11/104] w=0.60 seed=52 single    600k -> collapsed=0 convS=7.0
[ 12/104] w=0.60 seed=53 single    600k -> collapsed=0 convS=6.8
[ 13/104] w=0.60 seed=54 single    600k -> collapsed=0 convS=10.3
[ 14/104] w=0.60 seed=55 single    600k -> collapsed=0 convS=10.1
[ 15/104] w=0.60 seed=56 single    600k -> collapsed=0 convS=8.6
[ 16/104] w=0.60 seed=57 single    600k -> collapsed=0 convS=9.0
[ 17/104] w=0.60 seed=58 single    600k -> collapsed=0 convS=7.7
[ 18/104] w=0.60 seed=59 single    600k -> collapsed=0 convS=5.4
[ 19/104] w=0.60 seed=60 single    600k -> collapsed=1 convS=0.0
[ 20/104] w=0.60 seed=61 single    600k -> collapsed=1 convS=0.0
[ 21/104] w=0.70 seed=42 single    600k -> collapsed=0 convS=12.5
[ 22/104] w=0.70 seed=43 single    600k -> collapsed=0 convS=10.6
[ 23/104] w=0.70 seed=44 single    600k -> collapsed=1 convS=0.0
[ 24/104] w=0.70 seed=45 single    600k -> collapsed=0 convS=9.2
[ 25/104] w=0.70 seed=46 single    600k -> collapsed=0 convS=9.5
[ 26/104] w=0.70 seed=47 single    600k -> collapsed=1 convS=0.0
[ 27/104] w=0.70 seed=48 single    600k -> collapsed=0 convS=8.5
[ 28/104] w=0.70 seed=49 single    600k -> collapsed=0 convS=10.8
[ 29/104] w=0.70 seed=50 single    600k -> collapsed=0 convS=8.0
[ 30/104] w=0.70 seed=51 single    600k -> collapsed=0 convS=9.5
[ 31/104] w=0.70 seed=52 single    600k -> collapsed=0 convS=13.6
[ 32/104] w=0.70 seed=53 single    600k -> collapsed=0 convS=11.9
[ 33/104] w=0.70 seed=54 single    600k -> collapsed=0 convS=11.0
[ 34/104] w=0.70 seed=55 single    600k -> collapsed=0 convS=10.0
[ 35/104] w=0.70 seed=56 single    600k -> collapsed=0 convS=9.5
[ 36/104] w=0.70 seed=57 single    600k -> collapsed=0 convS=8.9
[ 37/104] w=0.70 seed=58 single    600k -> collapsed=0 convS=5.7
[ 38/104] w=0.70 seed=59 single    600k -> collapsed=0 convS=12.8
[ 39/104] w=0.70 seed=60 single    600k -> collapsed=1 convS=0.0
[ 40/104] w=0.70 seed=61 single    600k -> collapsed=1 convS=0.0
[ 41/104] w=0.30 seed=42 single    300k -> collapsed=1 convS=0.1
[ 42/104] w=0.30 seed=42 segmented 300k -> collapsed=1 convS=0.1
[ 43/104] w=0.30 seed=43 single    300k -> collapsed=1 convS=0.2
[ 44/104] w=0.30 seed=43 segmented 300k -> collapsed=1 convS=0.2
[ 45/104] w=0.30 seed=44 single    300k -> collapsed=1 convS=0.0
[ 46/104] w=0.30 seed=44 segmented 300k -> collapsed=1 convS=0.0
[ 47/104] w=0.30 seed=45 single    300k -> collapsed=1 convS=0.0
[ 48/104] w=0.30 seed=45 segmented 300k -> collapsed=1 convS=0.0
[ 49/104] w=0.30 seed=46 single    300k -> collapsed=1 convS=0.0
[ 50/104] w=0.30 seed=46 segmented 300k -> collapsed=1 convS=0.0
[ 51/104] w=0.30 seed=47 single    300k -> collapsed=1 convS=0.0
[ 52/104] w=0.30 seed=47 segmented 300k -> collapsed=1 convS=0.0
[ 53/104] w=0.30 seed=48 single    300k -> collapsed=1 convS=0.0
[ 54/104] w=0.30 seed=48 segmented 300k -> collapsed=1 convS=0.0
[ 55/104] w=0.30 seed=49 single    300k -> collapsed=1 convS=0.0
[ 56/104] w=0.30 seed=49 segmented 300k -> collapsed=1 convS=0.0
[ 57/104] w=0.60 seed=42 single    300k -> collapsed=1 convS=5.4
[ 58/104] w=0.60 seed=42 segmented 300k -> collapsed=1 convS=5.4
[ 59/104] w=0.60 seed=43 single    300k -> collapsed=1 convS=0.5
[ 60/104] w=0.60 seed=43 segmented 300k -> collapsed=1 convS=0.5
[ 61/104] w=0.60 seed=44 single    300k -> collapsed=1 convS=0.0
[ 62/104] w=0.60 seed=44 segmented 300k -> collapsed=1 convS=0.0
[ 63/104] w=0.60 seed=45 single    300k -> collapsed=0 convS=7.8
[ 64/104] w=0.60 seed=45 segmented 300k -> collapsed=0 convS=7.8
[ 65/104] w=0.60 seed=46 single    300k -> collapsed=1 convS=0.0
[ 66/104] w=0.60 seed=46 segmented 300k -> collapsed=1 convS=0.0
[ 67/104] w=0.60 seed=47 single    300k -> collapsed=1 convS=0.0
[ 68/104] w=0.60 seed=47 segmented 300k -> collapsed=1 convS=0.0
[ 69/104] w=0.60 seed=48 single    300k -> collapsed=1 convS=0.3
[ 70/104] w=0.60 seed=48 segmented 300k -> collapsed=1 convS=0.3
[ 71/104] w=0.60 seed=49 single    300k -> collapsed=1 convS=0.0
[ 72/104] w=0.60 seed=49 segmented 300k -> collapsed=1 convS=0.0
[ 73/104] w=0.70 seed=42 single    300k -> collapsed=0 convS=9.3
[ 74/104] w=0.70 seed=42 segmented 300k -> collapsed=0 convS=9.3
[ 75/104] w=0.70 seed=43 single    300k -> collapsed=1 convS=11.9
[ 76/104] w=0.70 seed=43 segmented 300k -> collapsed=1 convS=11.9
[ 77/104] w=0.70 seed=44 single    300k -> collapsed=1 convS=0.0
[ 78/104] w=0.70 seed=44 segmented 300k -> collapsed=1 convS=0.0
[ 79/104] w=0.70 seed=45 single    300k -> collapsed=0 convS=10.1
[ 80/104] w=0.70 seed=45 segmented 300k -> collapsed=0 convS=10.1
[ 81/104] w=0.70 seed=46 single    300k -> collapsed=0 convS=6.7
[ 82/104] w=0.70 seed=46 segmented 300k -> collapsed=0 convS=6.7
[ 83/104] w=0.70 seed=47 single    300k -> collapsed=1 convS=0.0
[ 84/104] w=0.70 seed=47 segmented 300k -> collapsed=1 convS=0.0
[ 85/104] w=0.70 seed=48 single    300k -> collapsed=0 convS=10.0
[ 86/104] w=0.70 seed=48 segmented 300k -> collapsed=0 convS=10.0
[ 87/104] w=0.70 seed=49 single    300k -> collapsed=1 convS=4.2
[ 88/104] w=0.70 seed=49 segmented 300k -> collapsed=1 convS=4.2
[ 89/104] w=0.80 seed=42 single    300k -> collapsed=0 convS=12.9
[ 90/104] w=0.80 seed=42 segmented 300k -> collapsed=0 convS=12.9
[ 91/104] w=0.80 seed=43 single    300k -> collapsed=0 convS=14.5
[ 92/104] w=0.80 seed=43 segmented 300k -> collapsed=0 convS=14.5
[ 93/104] w=0.80 seed=44 single    300k -> collapsed=0 convS=13.4
[ 94/104] w=0.80 seed=44 segmented 300k -> collapsed=0 convS=13.4
[ 95/104] w=0.80 seed=45 single    300k -> collapsed=0 convS=13.9
[ 96/104] w=0.80 seed=45 segmented 300k -> collapsed=0 convS=13.9
[ 97/104] w=0.80 seed=46 single    300k -> collapsed=0 convS=13.3
[ 98/104] w=0.80 seed=46 segmented 300k -> collapsed=0 convS=13.3
[ 99/104] w=0.80 seed=47 single    300k -> collapsed=0 convS=12.5
[100/104] w=0.80 seed=47 segmented 300k -> collapsed=0 convS=12.5
[101/104] w=0.80 seed=48 single    300k -> collapsed=0 convS=17.5
[102/104] w=0.80 seed=48 segmented 300k -> collapsed=0 convS=17.5
[103/104] w=0.80 seed=49 single    300k -> collapsed=0 convS=15.5
[104/104] w=0.80 seed=49 segmented 300k -> collapsed=0 convS=15.5

Saved 104 rows to docs/exp0b_figures/exp0b_raw_data.csv
