Experiment A: 11 w-levels x 20 seeds = 220 runs @ 150000 steps, procs=10
[  1/220] w=0.00 seed=42 -> S=   0.0 profit= -128.1 collapsed=1
[  2/220] w=0.00 seed=43 -> S=   0.0 profit= -128.1 collapsed=1
[  3/220] w=0.00 seed=51 -> S=   0.0 profit= -128.1 collapsed=1
[  4/220] w=0.00 seed=44 -> S=   0.0 profit= -128.1 collapsed=1
[  5/220] w=0.00 seed=49 -> S=   0.0 profit= -128.1 collapsed=1
[  6/220] w=0.00 seed=45 -> S=   0.0 profit= -128.1 collapsed=1
[  7/220] w=0.00 seed=46 -> S=   0.0 profit= -128.1 collapsed=1
[  8/220] w=0.00 seed=47 -> S=   0.0 profit= -128.1 collapsed=1
[  9/220] w=0.00 seed=48 -> S=   0.0 profit= -128.1 collapsed=1
[ 10/220] w=0.00 seed=50 -> S=   0.0 profit= -128.1 collapsed=1
[ 11/220] w=0.00 seed=52 -> S=   0.0 profit= -128.1 collapsed=1
[ 12/220] w=0.00 seed=54 -> S=   0.0 profit= -128.1 collapsed=1
[ 13/220] w=0.00 seed=53 -> S=   0.0 profit= -128.1 collapsed=1
[ 14/220] w=0.00 seed=55 -> S=   0.0 profit= -128.1 collapsed=1
[ 15/220] w=0.00 seed=58 -> S=   0.0 profit= -128.1 collapsed=1
[ 16/220] w=0.00 seed=61 -> S=   0.0 profit= -128.1 collapsed=1
[ 17/220] w=0.00 seed=60 -> S=   0.0 profit= -128.1 collapsed=1
[ 18/220] w=0.00 seed=57 -> S=   0.0 profit= -128.1 collapsed=1
[ 19/220] w=0.00 seed=56 -> S=   0.0 profit= -128.1 collapsed=1
[ 20/220] w=0.00 seed=59 -> S=   0.0 profit= -128.1 collapsed=1
[ 21/220] w=0.10 seed=43 -> S=   0.0 profit= -128.1 collapsed=1
[ 22/220] w=0.10 seed=44 -> S=   0.0 profit= -128.1 collapsed=1
[ 23/220] w=0.10 seed=42 -> S=   0.0 profit= -128.1 collapsed=1
[ 24/220] w=0.10 seed=46 -> S=   0.0 profit= -128.1 collapsed=1
[ 25/220] w=0.10 seed=45 -> S=   0.0 profit= -128.1 collapsed=1
[ 26/220] w=0.10 seed=47 -> S=   0.0 profit= -128.1 collapsed=1
[ 27/220] w=0.10 seed=48 -> S=   0.0 profit= -128.1 collapsed=1
[ 28/220] w=0.10 seed=49 -> S=   0.0 profit= -128.1 collapsed=1
[ 29/220] w=0.10 seed=50 -> S=   0.0 profit= -128.1 collapsed=1
[ 30/220] w=0.10 seed=51 -> S=   0.0 profit= -128.1 collapsed=1
[ 31/220] w=0.10 seed=52 -> S=   0.0 profit= -128.1 collapsed=1
[ 32/220] w=0.10 seed=55 -> S=   0.0 profit= -128.1 collapsed=1
[ 33/220] w=0.10 seed=53 -> S=   0.0 profit= -128.1 collapsed=1
[ 34/220] w=0.10 seed=54 -> S=   0.0 profit= -128.1 collapsed=1
[ 35/220] w=0.10 seed=56 -> S=   0.0 profit= -128.1 collapsed=1
[ 36/220] w=0.10 seed=58 -> S=   0.0 profit= -128.1 collapsed=1
[ 37/220] w=0.10 seed=57 -> S=   0.0 profit= -128.1 collapsed=1
[ 38/220] w=0.10 seed=59 -> S=   0.0 profit= -128.1 collapsed=1
[ 39/220] w=0.10 seed=60 -> S=   0.0 profit= -128.1 collapsed=1
[ 40/220] w=0.10 seed=61 -> S=   0.0 profit= -128.1 collapsed=1
[ 41/220] w=0.20 seed=42 -> S=   0.0 profit= -128.1 collapsed=1
[ 42/220] w=0.20 seed=43 -> S=   0.0 profit= -128.1 collapsed=1
[ 43/220] w=0.20 seed=45 -> S=   0.0 profit= -128.1 collapsed=1
[ 44/220] w=0.20 seed=44 -> S=   0.0 profit= -128.1 collapsed=1
[ 45/220] w=0.20 seed=46 -> S=   0.0 profit= -128.1 collapsed=1
[ 46/220] w=0.20 seed=48 -> S=   0.0 profit= -128.1 collapsed=1
[ 47/220] w=0.20 seed=49 -> S=   0.0 profit= -128.1 collapsed=1
[ 48/220] w=0.20 seed=47 -> S=   0.0 profit= -128.1 collapsed=1
[ 49/220] w=0.20 seed=50 -> S=   0.0 profit= -128.1 collapsed=1
[ 50/220] w=0.20 seed=51 -> S=   0.0 profit= -128.1 collapsed=1
[ 51/220] w=0.20 seed=52 -> S=   0.0 profit= -128.1 collapsed=1
[ 52/220] w=0.20 seed=53 -> S=   0.0 profit= -128.1 collapsed=1
[ 53/220] w=0.20 seed=54 -> S=   0.0 profit= -128.1 collapsed=1
[ 54/220] w=0.20 seed=55 -> S=   0.0 profit= -128.1 collapsed=1
[ 55/220] w=0.20 seed=56 -> S=   0.0 profit= -128.1 collapsed=1
[ 56/220] w=0.20 seed=57 -> S=   0.0 profit= -128.1 collapsed=1
[ 57/220] w=0.20 seed=58 -> S=   0.0 profit= -128.1 collapsed=1
[ 58/220] w=0.20 seed=60 -> S=   0.0 profit= -128.1 collapsed=1
[ 59/220] w=0.20 seed=59 -> S=   0.0 profit= -128.1 collapsed=1
[ 60/220] w=0.20 seed=61 -> S=   0.0 profit= -128.1 collapsed=1
[ 61/220] w=0.30 seed=42 -> S=   0.0 profit= -128.1 collapsed=1
[ 62/220] w=0.30 seed=43 -> S=   0.0 profit= -128.1 collapsed=1
[ 63/220] w=0.30 seed=44 -> S=   0.0 profit= -128.1 collapsed=1
[ 64/220] w=0.30 seed=45 -> S=   0.0 profit= -128.1 collapsed=1
[ 65/220] w=0.30 seed=46 -> S=   0.0 profit= -128.1 collapsed=1
[ 66/220] w=0.30 seed=47 -> S=   0.0 profit= -128.1 collapsed=1
[ 67/220] w=0.30 seed=49 -> S=   0.0 profit= -128.1 collapsed=1
[ 68/220] w=0.30 seed=48 -> S=   0.0 profit= -128.1 collapsed=1
[ 69/220] w=0.30 seed=50 -> S=   0.0 profit= -128.1 collapsed=1
[ 70/220] w=0.30 seed=51 -> S=   0.0 profit= -128.1 collapsed=1
[ 71/220] w=0.30 seed=52 -> S=   0.0 profit= -128.1 collapsed=1
[ 72/220] w=0.30 seed=53 -> S=   0.0 profit= -128.1 collapsed=1
[ 73/220] w=0.30 seed=54 -> S=   0.0 profit= -128.1 collapsed=1
[ 74/220] w=0.30 seed=55 -> S=   0.0 profit= -128.1 collapsed=1
[ 75/220] w=0.30 seed=57 -> S=   0.0 profit= -128.1 collapsed=1
[ 76/220] w=0.30 seed=56 -> S=   0.0 profit= -128.1 collapsed=1
[ 77/220] w=0.30 seed=58 -> S=   0.0 profit= -128.1 collapsed=1
[ 78/220] w=0.30 seed=59 -> S=   0.0 profit= -128.1 collapsed=1
[ 79/220] w=0.30 seed=61 -> S=   0.0 profit= -128.1 collapsed=1
[ 80/220] w=0.30 seed=60 -> S=   0.0 profit= -128.1 collapsed=1
[ 81/220] w=0.40 seed=42 -> S=   0.0 profit= -128.1 collapsed=1
[ 82/220] w=0.40 seed=43 -> S=   0.0 profit= -128.1 collapsed=1
[ 83/220] w=0.40 seed=45 -> S=   0.0 profit= -128.1 collapsed=1
[ 84/220] w=0.40 seed=44 -> S=   0.0 profit= -128.1 collapsed=1
[ 85/220] w=0.40 seed=47 -> S=   0.0 profit= -128.1 collapsed=1
[ 86/220] w=0.40 seed=46 -> S=   0.0 profit= -128.1 collapsed=1
[ 87/220] w=0.40 seed=48 -> S=   0.0 profit= -128.1 collapsed=1
[ 88/220] w=0.40 seed=50 -> S=   0.0 profit= -128.1 collapsed=1
[ 89/220] w=0.40 seed=49 -> S=   0.0 profit= -128.1 collapsed=1
[ 90/220] w=0.40 seed=51 -> S=   0.0 profit= -128.1 collapsed=1
[ 91/220] w=0.40 seed=52 -> S=   0.0 profit= -128.1 collapsed=1
[ 92/220] w=0.40 seed=53 -> S=   0.0 profit= -128.1 collapsed=1
[ 93/220] w=0.40 seed=54 -> S=   0.0 profit= -128.1 collapsed=1
[ 94/220] w=0.40 seed=55 -> S=   0.0 profit= -128.1 collapsed=1
[ 95/220] w=0.40 seed=57 -> S=   0.0 profit= -128.1 collapsed=1
[ 96/220] w=0.40 seed=56 -> S=   0.0 profit= -128.1 collapsed=1
[ 97/220] w=0.40 seed=58 -> S=   0.0 profit= -128.1 collapsed=1
[ 98/220] w=0.40 seed=59 -> S=   0.0 profit= -128.1 collapsed=1
[ 99/220] w=0.40 seed=60 -> S=   0.0 profit= -128.1 collapsed=1
[100/220] w=0.40 seed=61 -> S=   0.0 profit= -128.1 collapsed=1
[101/220] w=0.50 seed=42 -> S=   0.0 profit= -128.1 collapsed=1
[102/220] w=0.50 seed=43 -> S=   0.0 profit= -128.1 collapsed=1
[103/220] w=0.50 seed=44 -> S=   0.0 profit= -128.1 collapsed=1
[104/220] w=0.50 seed=45 -> S=   0.0 profit= -128.1 collapsed=1
[105/220] w=0.50 seed=46 -> S=   0.0 profit= -128.1 collapsed=1
[106/220] w=0.50 seed=47 -> S=   0.0 profit= -128.1 collapsed=1
[107/220] w=0.50 seed=48 -> S=   0.0 profit= -128.1 collapsed=1
[108/220] w=0.50 seed=49 -> S=   0.0 profit= -128.1 collapsed=1
[109/220] w=0.50 seed=50 -> S=   0.0 profit= -128.1 collapsed=1
[110/220] w=0.50 seed=51 -> S=   0.0 profit= -128.1 collapsed=1
[111/220] w=0.50 seed=52 -> S=   0.0 profit= -128.1 collapsed=1
[112/220] w=0.50 seed=53 -> S=   0.0 profit= -128.1 collapsed=1
[113/220] w=0.50 seed=55 -> S=   0.0 profit= -128.1 collapsed=1
[114/220] w=0.50 seed=54 -> S=   0.0 profit= -128.1 collapsed=1
[115/220] w=0.50 seed=56 -> S=   0.0 profit= -128.1 collapsed=1
[116/220] w=0.50 seed=57 -> S=   0.0 profit= -128.1 collapsed=1
[117/220] w=0.50 seed=58 -> S=   0.0 profit= -128.1 collapsed=1
[118/220] w=0.50 seed=59 -> S=   0.0 profit= -128.1 collapsed=1
[119/220] w=0.50 seed=60 -> S=   0.0 profit= -128.1 collapsed=1
[120/220] w=0.50 seed=61 -> S=   0.0 profit= -128.1 collapsed=1
[121/220] w=0.60 seed=42 -> S=   0.0 profit= -128.1 collapsed=1
[122/220] w=0.60 seed=43 -> S=   0.0 profit= -128.1 collapsed=1
[123/220] w=0.60 seed=44 -> S=   0.0 profit= -128.1 collapsed=1
[124/220] w=0.60 seed=45 -> S=   0.0 profit= -128.1 collapsed=1
[125/220] w=0.60 seed=46 -> S=   0.0 profit= -128.1 collapsed=1
[126/220] w=0.60 seed=47 -> S=   0.0 profit= -128.1 collapsed=1
[127/220] w=0.60 seed=48 -> S=   0.0 profit= -128.1 collapsed=1
[128/220] w=0.60 seed=49 -> S=   0.0 profit= -128.1 collapsed=1
[129/220] w=0.60 seed=50 -> S=   0.0 profit= -128.1 collapsed=1
[130/220] w=0.60 seed=51 -> S=   0.0 profit= -128.1 collapsed=1
[131/220] w=0.60 seed=52 -> S=   0.0 profit= -128.1 collapsed=1
[132/220] w=0.60 seed=53 -> S=   0.0 profit= -128.1 collapsed=1
[133/220] w=0.60 seed=54 -> S=   0.0 profit= -128.1 collapsed=1
[134/220] w=0.60 seed=55 -> S=   0.0 profit= -128.1 collapsed=1
[135/220] w=0.60 seed=56 -> S=   0.0 profit= -128.1 collapsed=1
[136/220] w=0.60 seed=57 -> S=   0.0 profit= -128.1 collapsed=1
[137/220] w=0.60 seed=58 -> S=   0.0 profit= -128.1 collapsed=1
[138/220] w=0.60 seed=59 -> S=   0.0 profit= -128.1 collapsed=1
[139/220] w=0.60 seed=60 -> S=   0.0 profit= -128.1 collapsed=1
[140/220] w=0.60 seed=61 -> S=   0.0 profit= -128.1 collapsed=1
[141/220] w=0.70 seed=42 -> S=  70.8 profit=   27.3 collapsed=0
[142/220] w=0.70 seed=43 -> S=   0.0 profit= -126.3 collapsed=0
[143/220] w=0.70 seed=44 -> S=   0.0 profit= -128.1 collapsed=1
[144/220] w=0.70 seed=45 -> S=   1.9 profit= -128.1 collapsed=1
[145/220] w=0.70 seed=46 -> S=   0.0 profit= -128.1 collapsed=1
[146/220] w=0.70 seed=48 -> S=   0.0 profit= -128.1 collapsed=1
[147/220] w=0.70 seed=47 -> S=   0.0 profit= -128.1 collapsed=1
[148/220] w=0.70 seed=49 -> S=   0.0 profit= -128.1 collapsed=1
[149/220] w=0.70 seed=50 -> S=   0.0 profit= -128.1 collapsed=1
[150/220] w=0.70 seed=51 -> S=  16.4 profit=  -81.4 collapsed=0
[151/220] w=0.70 seed=52 -> S=   0.0 profit= -128.1 collapsed=1
[152/220] w=0.70 seed=53 -> S=   0.0 profit= -128.1 collapsed=1
[153/220] w=0.70 seed=54 -> S=   0.0 profit= -128.1 collapsed=1
[154/220] w=0.70 seed=55 -> S=   0.0 profit= -128.1 collapsed=1
[155/220] w=0.70 seed=56 -> S=   0.0 profit= -128.1 collapsed=1
[156/220] w=0.70 seed=57 -> S=   0.0 profit= -128.1 collapsed=1
[157/220] w=0.70 seed=58 -> S=   0.0 profit= -128.1 collapsed=1
[158/220] w=0.70 seed=59 -> S=   0.0 profit= -128.1 collapsed=1
[159/220] w=0.70 seed=60 -> S=   0.0 profit= -128.1 collapsed=1
[160/220] w=0.70 seed=61 -> S=   0.0 profit= -128.1 collapsed=1
[161/220] w=0.80 seed=42 -> S=   0.0 profit=  118.0 collapsed=0
[162/220] w=0.80 seed=43 -> S=  10.7 profit= -128.1 collapsed=0
[163/220] w=0.80 seed=44 -> S=   0.0 profit= -128.1 collapsed=1
[164/220] w=0.80 seed=45 -> S=  65.0 profit=  -62.9 collapsed=0
[165/220] w=0.80 seed=46 -> S=   0.0 profit= -128.1 collapsed=1
[166/220] w=0.80 seed=47 -> S=   0.0 profit= -128.1 collapsed=1
[167/220] w=0.80 seed=48 -> S=   0.0 profit= -128.1 collapsed=1
[168/220] w=0.80 seed=49 -> S=   0.0 profit= -128.1 collapsed=1
[169/220] w=0.80 seed=50 -> S=   0.0 profit= -128.1 collapsed=1
[170/220] w=0.80 seed=51 -> S=  79.4 profit= -128.1 collapsed=0
[171/220] w=0.80 seed=52 -> S=   0.0 profit= -128.1 collapsed=1
[172/220] w=0.80 seed=53 -> S=   0.0 profit= -128.1 collapsed=1
[173/220] w=0.80 seed=54 -> S=   0.0 profit=   29.7 collapsed=0
[174/220] w=0.80 seed=55 -> S=   0.0 profit= -112.7 collapsed=0
[175/220] w=0.80 seed=56 -> S=   0.0 profit= -116.0 collapsed=0
[176/220] w=0.80 seed=57 -> S=  51.6 profit=  389.4 collapsed=0
[177/220] w=0.80 seed=58 -> S=   0.0 profit= -128.1 collapsed=1
[178/220] w=0.80 seed=59 -> S=   0.0 profit= -128.1 collapsed=1
[179/220] w=0.80 seed=60 -> S=   0.0 profit= -128.1 collapsed=1
[180/220] w=0.80 seed=61 -> S=   0.0 profit=    2.5 collapsed=0
[181/220] w=0.90 seed=42 -> S= 100.3 profit=  191.3 collapsed=0
[182/220] w=0.90 seed=43 -> S=   0.0 profit=  142.3 collapsed=0
[183/220] w=0.90 seed=44 -> S=   0.0 profit=  360.1 collapsed=0
[184/220] w=0.90 seed=45 -> S= 123.6 profit=  104.4 collapsed=0
[185/220] w=0.90 seed=46 -> S=   0.0 profit=  350.1 collapsed=0
[186/220] w=0.90 seed=47 -> S=  19.8 profit=  109.7 collapsed=0
[187/220] w=0.90 seed=48 -> S=   0.0 profit= -128.1 collapsed=1
[188/220] w=0.90 seed=49 -> S=  32.6 profit=   -6.8 collapsed=0
[189/220] w=0.90 seed=50 -> S=   0.0 profit=  115.2 collapsed=0
[190/220] w=0.90 seed=51 -> S= 111.0 profit=   -0.3 collapsed=0
[191/220] w=0.90 seed=52 -> S=  35.2 profit=  130.9 collapsed=0
[192/220] w=0.90 seed=53 -> S=   0.0 profit=   43.4 collapsed=0
[193/220] w=0.90 seed=54 -> S=   7.1 profit= -128.1 collapsed=1
[194/220] w=0.90 seed=55 -> S=   0.0 profit=   80.7 collapsed=0
[195/220] w=0.90 seed=56 -> S=   0.0 profit= -128.1 collapsed=1
[196/220] w=0.90 seed=57 -> S=  69.6 profit=  -74.4 collapsed=0
[197/220] w=0.90 seed=58 -> S=  14.4 profit=  121.5 collapsed=0
[198/220] w=0.90 seed=59 -> S=   0.0 profit=  -58.2 collapsed=0
[199/220] w=0.90 seed=60 -> S=   0.0 profit= -128.1 collapsed=1
[200/220] w=0.90 seed=61 -> S=   0.0 profit=  -61.3 collapsed=0
[201/220] w=1.00 seed=42 -> S= 183.8 profit=  466.7 collapsed=0
[202/220] w=1.00 seed=43 -> S=   0.0 profit=  196.9 collapsed=0
[203/220] w=1.00 seed=44 -> S=   0.0 profit= -128.1 collapsed=1
[204/220] w=1.00 seed=45 -> S= 137.4 profit=  220.9 collapsed=0
[205/220] w=1.00 seed=46 -> S= 145.7 profit=  292.6 collapsed=0
[206/220] w=1.00 seed=47 -> S=   3.2 profit= -127.4 collapsed=1
[207/220] w=1.00 seed=48 -> S=  12.6 profit= -128.1 collapsed=0
[208/220] w=1.00 seed=49 -> S= 131.5 profit=  168.3 collapsed=0
[209/220] w=1.00 seed=50 -> S= 120.8 profit=  197.9 collapsed=0
[210/220] w=1.00 seed=51 -> S= 146.2 profit=  286.8 collapsed=0
[211/220] w=1.00 seed=52 -> S=  42.3 profit=   66.9 collapsed=0
[212/220] w=1.00 seed=53 -> S=  58.4 profit=   25.7 collapsed=0
[213/220] w=1.00 seed=54 -> S=   0.0 profit=  198.0 collapsed=0
[214/220] w=1.00 seed=55 -> S=  71.1 profit= -113.9 collapsed=0
[215/220] w=1.00 seed=56 -> S=  81.7 profit=  235.6 collapsed=0
[216/220] w=1.00 seed=57 -> S= 109.0 profit=  411.6 collapsed=0
[217/220] w=1.00 seed=58 -> S= 108.3 profit=  229.5 collapsed=0
[218/220] w=1.00 seed=59 -> S=  31.2 profit=   51.4 collapsed=0
[219/220] w=1.00 seed=60 -> S=   0.0 profit=  -62.3 collapsed=0
[220/220] w=1.00 seed=61 -> S= 167.3 profit=  447.2 collapsed=0

Saved 220 rows to docs/expA_figures/expA_raw_data.csv

Collapse fraction by w:
     mean  sum  count
w                    
0.0  1.00   20     20
0.1  1.00   20     20
0.2  1.00   20     20
0.3  1.00   20     20
0.4  1.00   20     20
0.5  1.00   20     20
0.6  1.00   20     20
0.7  0.85   17     20
0.8  0.55   11     20
0.9  0.20    4     20
1.0  0.10    2     20
