Experiment A: 1 w-levels x 20 seeds = 20 runs @ 400000 steps, procs=10
[  1/20] w=0.90 seed=49 -> S= 256.4 profit=  461.0 collapsed=0
[  2/20] w=0.90 seed=46 -> S=   0.0 profit=  -47.4 collapsed=0
[  3/20] w=0.90 seed=45 -> S= 194.5 profit=  462.3 collapsed=0
[  4/20] w=0.90 seed=50 -> S=  75.0 profit=  262.8 collapsed=0
[  5/20] w=0.90 seed=44 -> S=   0.0 profit=  461.3 collapsed=0
[  6/20] w=0.90 seed=42 -> S= 296.4 profit=  461.0 collapsed=0
[  7/20] w=0.90 seed=48 -> S= 162.0 profit=  408.5 collapsed=0
[  8/20] w=0.90 seed=51 -> S= 154.8 profit=  357.8 collapsed=0
[  9/20] w=0.90 seed=43 -> S=  44.5 profit=  279.9 collapsed=0
[ 10/20] w=0.90 seed=47 -> S= 191.5 profit=  462.8 collapsed=0
[ 11/20] w=0.90 seed=52 -> S= 207.4 profit=  461.0 collapsed=0
[ 12/20] w=0.90 seed=54 -> S= 161.7 profit=  417.5 collapsed=0
[ 13/20] w=0.90 seed=55 -> S=  87.2 profit=   -7.8 collapsed=0
[ 14/20] w=0.90 seed=53 -> S=   0.0 profit=  354.8 collapsed=0
[ 15/20] w=0.90 seed=56 -> S=  79.0 profit=  418.8 collapsed=0
[ 16/20] w=0.90 seed=57 -> S=  87.0 profit=  209.0 collapsed=0
[ 17/20] w=0.90 seed=58 -> S= 128.7 profit=  155.7 collapsed=0
[ 18/20] w=0.90 seed=60 -> S= 179.3 profit=  467.6 collapsed=0
[ 19/20] w=0.90 seed=59 -> S= 278.8 profit=  461.0 collapsed=0
[ 20/20] w=0.90 seed=61 -> S= 198.6 profit=  461.2 collapsed=0

Saved 20 rows to docs/expA_figures/expA_horizon_w0.9_400k.csv

Collapse fraction by w:
     mean  sum  count
w                    
0.9   0.0    0     20
