Experiment A: 7 w-levels x 20 seeds = 140 runs @ 300000 steps, procs=10
[  1/140] w=0.20 seed=43 -> S=   0.0 profit= -128.1 collapsed=1
[  2/140] w=0.20 seed=51 -> S=   0.0 profit= -128.1 collapsed=1
[  3/140] w=0.20 seed=44 -> S=   0.0 profit= -128.1 collapsed=1
[  4/140] w=0.20 seed=47 -> S=   0.0 profit= -128.1 collapsed=1
[  5/140] w=0.20 seed=49 -> S=   0.0 profit= -128.1 collapsed=1
[  6/140] w=0.20 seed=42 -> S=   0.0 profit= -128.1 collapsed=1
[  7/140] w=0.20 seed=45 -> S=   0.0 profit= -128.1 collapsed=1
[  8/140] w=0.20 seed=46 -> S=   0.0 profit= -128.1 collapsed=1
[  9/140] w=0.20 seed=50 -> S=   0.0 profit= -128.1 collapsed=1
[ 10/140] w=0.20 seed=48 -> S=   0.0 profit= -128.1 collapsed=1
[ 11/140] w=0.20 seed=52 -> S=   0.0 profit= -128.1 collapsed=1
[ 12/140] w=0.20 seed=53 -> S=   0.0 profit= -128.1 collapsed=1
[ 13/140] w=0.20 seed=54 -> S=   0.0 profit= -128.1 collapsed=1
[ 14/140] w=0.20 seed=55 -> S=   0.0 profit= -128.1 collapsed=1
[ 15/140] w=0.20 seed=57 -> S=   0.0 profit= -128.1 collapsed=1
[ 16/140] w=0.20 seed=56 -> S=   0.0 profit= -128.1 collapsed=1
[ 17/140] w=0.20 seed=59 -> S=   0.0 profit= -128.1 collapsed=1
[ 18/140] w=0.20 seed=58 -> S=   0.0 profit= -128.1 collapsed=1
[ 19/140] w=0.20 seed=60 -> S=   0.0 profit= -128.1 collapsed=1
[ 20/140] w=0.20 seed=61 -> S=   0.0 profit= -128.1 collapsed=1
[ 21/140] w=0.30 seed=42 -> S=   0.0 profit= -128.1 collapsed=1
[ 22/140] w=0.30 seed=43 -> S=   0.0 profit= -128.1 collapsed=1
[ 23/140] w=0.30 seed=44 -> S=   0.0 profit= -128.1 collapsed=1
[ 24/140] w=0.30 seed=45 -> S=   0.0 profit= -128.1 collapsed=1
[ 25/140] w=0.30 seed=47 -> S=   0.0 profit= -128.1 collapsed=1
[ 26/140] w=0.30 seed=46 -> S=   0.0 profit= -128.1 collapsed=1
[ 27/140] w=0.30 seed=49 -> S=   0.0 profit= -128.1 collapsed=1
[ 28/140] w=0.30 seed=48 -> S=   0.0 profit= -128.1 collapsed=1
[ 29/140] w=0.30 seed=50 -> S=   0.0 profit= -128.1 collapsed=1
[ 30/140] w=0.30 seed=51 -> S=   0.0 profit= -128.1 collapsed=1
[ 31/140] w=0.30 seed=52 -> S=   0.0 profit= -128.1 collapsed=1
[ 32/140] w=0.30 seed=53 -> S=   0.0 profit= -128.1 collapsed=1
[ 33/140] w=0.30 seed=54 -> S=   0.0 profit= -128.1 collapsed=1
[ 34/140] w=0.30 seed=55 -> S=   0.0 profit= -128.1 collapsed=1
[ 35/140] w=0.30 seed=56 -> S=   0.0 profit= -128.1 collapsed=1
[ 36/140] w=0.30 seed=57 -> S=   0.0 profit= -128.1 collapsed=1
[ 37/140] w=0.30 seed=58 -> S=   0.0 profit= -128.1 collapsed=1
[ 38/140] w=0.30 seed=59 -> S=   0.0 profit= -128.1 collapsed=1
[ 39/140] w=0.30 seed=60 -> S=   0.0 profit= -128.1 collapsed=1
[ 40/140] w=0.30 seed=61 -> S=   0.0 profit= -128.1 collapsed=1
[ 41/140] w=0.40 seed=42 -> S=   0.0 profit= -128.1 collapsed=1
[ 42/140] w=0.40 seed=43 -> S=   0.0 profit= -128.1 collapsed=1
[ 43/140] w=0.40 seed=44 -> S=   0.0 profit= -128.1 collapsed=1
[ 44/140] w=0.40 seed=46 -> S=   0.0 profit= -128.1 collapsed=1
[ 45/140] w=0.40 seed=45 -> S=   0.0 profit= -128.1 collapsed=1
[ 46/140] w=0.40 seed=48 -> S=   0.0 profit= -128.1 collapsed=1
[ 47/140] w=0.40 seed=47 -> S=   0.0 profit= -128.1 collapsed=1
[ 48/140] w=0.40 seed=50 -> S=   0.0 profit= -128.1 collapsed=1
[ 49/140] w=0.40 seed=49 -> S=   0.0 profit= -128.1 collapsed=1
[ 50/140] w=0.40 seed=51 -> S=   0.0 profit= -128.1 collapsed=1
[ 51/140] w=0.40 seed=52 -> S=   0.0 profit= -128.1 collapsed=1
[ 52/140] w=0.40 seed=53 -> S=   0.0 profit= -128.1 collapsed=1
[ 53/140] w=0.40 seed=55 -> S=   0.0 profit= -128.1 collapsed=1
[ 54/140] w=0.40 seed=54 -> S=   0.0 profit= -128.1 collapsed=1
[ 55/140] w=0.40 seed=56 -> S=   0.0 profit= -128.1 collapsed=1
[ 56/140] w=0.40 seed=57 -> S=   0.0 profit= -128.1 collapsed=1
[ 57/140] w=0.40 seed=58 -> S=   0.0 profit= -128.1 collapsed=1
[ 58/140] w=0.40 seed=59 -> S=   0.0 profit= -128.1 collapsed=1
[ 59/140] w=0.40 seed=61 -> S=   0.0 profit= -128.1 collapsed=1
[ 60/140] w=0.40 seed=60 -> S=   0.0 profit= -128.1 collapsed=1
[ 61/140] w=0.50 seed=42 -> S=   0.0 profit= -128.1 collapsed=1
[ 62/140] w=0.50 seed=43 -> S=   0.0 profit= -128.1 collapsed=1
[ 63/140] w=0.50 seed=45 -> S=  49.5 profit= -128.1 collapsed=0
[ 64/140] w=0.50 seed=44 -> S=   0.0 profit= -128.1 collapsed=1
[ 65/140] w=0.50 seed=47 -> S=   0.0 profit= -128.1 collapsed=1
[ 66/140] w=0.50 seed=46 -> S=   0.0 profit= -128.1 collapsed=1
[ 67/140] w=0.50 seed=48 -> S=   0.0 profit= -128.1 collapsed=1
[ 68/140] w=0.50 seed=49 -> S=   0.0 profit= -128.1 collapsed=1
[ 69/140] w=0.50 seed=51 -> S=   0.0 profit= -128.1 collapsed=1
[ 70/140] w=0.50 seed=50 -> S=   0.0 profit= -128.1 collapsed=1
[ 71/140] w=0.50 seed=52 -> S=   0.0 profit= -128.1 collapsed=1
[ 72/140] w=0.50 seed=53 -> S=   0.0 profit= -128.1 collapsed=1
[ 73/140] w=0.50 seed=54 -> S=   0.0 profit= -128.1 collapsed=1
[ 74/140] w=0.50 seed=56 -> S=   0.0 profit= -128.1 collapsed=1
[ 75/140] w=0.50 seed=55 -> S=   0.0 profit= -128.1 collapsed=1
[ 76/140] w=0.50 seed=57 -> S=   0.0 profit= -128.1 collapsed=1
[ 77/140] w=0.50 seed=58 -> S=   0.0 profit= -128.1 collapsed=1
[ 78/140] w=0.50 seed=60 -> S=   0.0 profit= -128.1 collapsed=1
[ 79/140] w=0.50 seed=59 -> S=   0.0 profit= -128.1 collapsed=1
[ 80/140] w=0.50 seed=61 -> S=   0.0 profit= -128.1 collapsed=1
[ 81/140] w=0.60 seed=42 -> S=   0.0 profit= -128.1 collapsed=1
[ 82/140] w=0.60 seed=43 -> S=   0.0 profit= -128.1 collapsed=1
[ 83/140] w=0.60 seed=44 -> S=   0.0 profit= -128.1 collapsed=1
[ 84/140] w=0.60 seed=45 -> S=  16.3 profit=   66.1 collapsed=0
[ 85/140] w=0.60 seed=46 -> S=   0.0 profit= -128.1 collapsed=1
[ 86/140] w=0.60 seed=47 -> S=   0.0 profit= -128.1 collapsed=1
[ 87/140] w=0.60 seed=48 -> S=   0.0 profit= -128.1 collapsed=1
[ 88/140] w=0.60 seed=49 -> S=   0.0 profit= -128.1 collapsed=1
[ 89/140] w=0.60 seed=50 -> S=   0.0 profit= -128.1 collapsed=1
[ 90/140] w=0.60 seed=51 -> S=   0.0 profit= -128.1 collapsed=1
[ 91/140] w=0.60 seed=52 -> S=   0.0 profit= -128.1 collapsed=1
[ 92/140] w=0.60 seed=53 -> S=   0.0 profit= -128.1 collapsed=1
[ 93/140] w=0.60 seed=54 -> S=  36.6 profit= -128.1 collapsed=0
[ 94/140] w=0.60 seed=55 -> S=   0.0 profit=  316.3 collapsed=0
[ 95/140] w=0.60 seed=57 -> S=  75.8 profit= -109.2 collapsed=0
[ 96/140] w=0.60 seed=56 -> S=   0.0 profit= -128.1 collapsed=1
[ 97/140] w=0.60 seed=58 -> S=   0.0 profit= -128.1 collapsed=1
[ 98/140] w=0.60 seed=59 -> S=   0.0 profit= -128.1 collapsed=1
[ 99/140] w=0.60 seed=60 -> S=   0.0 profit= -128.1 collapsed=1
[100/140] w=0.60 seed=61 -> S=   0.0 profit= -128.1 collapsed=1
[101/140] w=0.70 seed=42 -> S=  76.7 profit=   -6.1 collapsed=0
[102/140] w=0.70 seed=43 -> S=   0.0 profit= -128.1 collapsed=1
[103/140] w=0.70 seed=44 -> S=   0.0 profit= -128.1 collapsed=1
[104/140] w=0.70 seed=45 -> S= 106.4 profit=   48.4 collapsed=0
[105/140] w=0.70 seed=47 -> S=   0.0 profit= -128.1 collapsed=1
[106/140] w=0.70 seed=48 -> S=  83.2 profit=   46.0 collapsed=0
[107/140] w=0.70 seed=46 -> S=  54.2 profit=  -24.8 collapsed=0
[108/140] w=0.70 seed=49 -> S=   0.0 profit= -128.1 collapsed=1
[109/140] w=0.70 seed=50 -> S= 116.6 profit=   44.0 collapsed=0
[110/140] w=0.70 seed=51 -> S=   0.0 profit= -105.0 collapsed=0
[111/140] w=0.70 seed=52 -> S=   0.0 profit= -123.7 collapsed=0
[112/140] w=0.70 seed=53 -> S=   0.0 profit=  -85.6 collapsed=0
[113/140] w=0.70 seed=54 -> S= 127.5 profit=  150.0 collapsed=0
[114/140] w=0.70 seed=55 -> S=   0.0 profit= -128.1 collapsed=1
[115/140] w=0.70 seed=57 -> S= 245.6 profit=  461.0 collapsed=0
[116/140] w=0.70 seed=56 -> S=   0.0 profit= -128.1 collapsed=1
[117/140] w=0.70 seed=58 -> S=   0.0 profit=  295.8 collapsed=0
[118/140] w=0.70 seed=59 -> S=   0.0 profit= -112.0 collapsed=0
[119/140] w=0.70 seed=60 -> S=   0.0 profit= -128.1 collapsed=1
[120/140] w=0.70 seed=61 -> S=   0.0 profit= -128.1 collapsed=1
[121/140] w=0.80 seed=42 -> S= 201.5 profit=  461.0 collapsed=0
[122/140] w=0.80 seed=43 -> S=  92.3 profit=  -83.4 collapsed=0
[123/140] w=0.80 seed=44 -> S=   0.0 profit=  -55.6 collapsed=0
[124/140] w=0.80 seed=45 -> S= 112.2 profit=  247.8 collapsed=0
[125/140] w=0.80 seed=46 -> S= 138.4 profit=  221.7 collapsed=0
[126/140] w=0.80 seed=47 -> S= 142.6 profit=  262.5 collapsed=0
[127/140] w=0.80 seed=48 -> S= 134.0 profit=  193.3 collapsed=0
[128/140] w=0.80 seed=49 -> S=   0.0 profit=   34.8 collapsed=0
[129/140] w=0.80 seed=50 -> S= 124.2 profit=  104.4 collapsed=0
[130/140] w=0.80 seed=51 -> S= 222.5 profit=  461.0 collapsed=0
[131/140] w=0.80 seed=52 -> S= 214.7 profit=  461.0 collapsed=0
[132/140] w=0.80 seed=53 -> S=  61.4 profit=  191.4 collapsed=0
[133/140] w=0.80 seed=54 -> S=  57.8 profit=  447.8 collapsed=0
[134/140] w=0.80 seed=55 -> S=   0.0 profit=  451.1 collapsed=0
[135/140] w=0.80 seed=56 -> S=   0.0 profit=   99.7 collapsed=0
[136/140] w=0.80 seed=57 -> S= 194.4 profit=  462.4 collapsed=0
[137/140] w=0.80 seed=58 -> S=  21.8 profit=  391.3 collapsed=0
[138/140] w=0.80 seed=59 -> S= 201.4 profit=  461.0 collapsed=0
[139/140] w=0.80 seed=60 -> S= 111.2 profit=   53.6 collapsed=0
[140/140] w=0.80 seed=61 -> S= 102.9 profit=  -35.7 collapsed=0

Saved 140 rows to docs/expA300k_figures/expA300k_raw_data.csv

Collapse fraction by w:
     mean  sum  count
w                    
0.2  1.00   20     20
0.3  1.00   20     20
0.4  1.00   20     20
0.5  0.95   19     20
0.6  0.80   16     20
0.7  0.40    8     20
0.8  0.00    0     20
