=== EXP C START Wed Jun  3 11:29:47 IST 2026 ===
Experiment C: 3 w x 4 S_init x 12 seeds = 144 runs @ 150000
[  1/144] w=0.50 S_init=0 seed=45 -> convS=   2.7 collapsed=0
[  2/144] w=0.50 S_init=0 seed=50 -> convS=   1.8 collapsed=0
[  3/144] w=0.50 S_init=0 seed=48 -> convS=   0.1 collapsed=1
[  4/144] w=0.50 S_init=0 seed=44 -> convS=   0.0 collapsed=1
[  5/144] w=0.50 S_init=0 seed=43 -> convS=   4.7 collapsed=0
[  6/144] w=0.50 S_init=0 seed=42 -> convS=   0.7 collapsed=1
[  7/144] w=0.50 S_init=0 seed=51 -> convS=   0.3 collapsed=1
[  8/144] w=0.50 S_init=0 seed=46 -> convS=   0.6 collapsed=1
[  9/144] w=0.50 S_init=0 seed=47 -> convS=   0.1 collapsed=1
[ 10/144] w=0.50 S_init=0 seed=49 -> convS=   1.7 collapsed=1
[ 11/144] w=0.50 S_init=0 seed=52 -> convS=   0.5 collapsed=1
[ 12/144] w=0.50 S_init=50 seed=45 -> convS=   2.6 collapsed=1
[ 13/144] w=0.50 S_init=50 seed=43 -> convS=   7.4 collapsed=0
[ 14/144] w=0.50 S_init=0 seed=53 -> convS=   1.0 collapsed=0
[ 15/144] w=0.50 S_init=50 seed=44 -> convS=   0.0 collapsed=1
[ 16/144] w=0.50 S_init=50 seed=46 -> convS=   0.5 collapsed=1
[ 17/144] w=0.50 S_init=50 seed=42 -> convS=   0.7 collapsed=1
[ 18/144] w=0.50 S_init=50 seed=48 -> convS=   0.3 collapsed=1
[ 19/144] w=0.50 S_init=50 seed=47 -> convS=   0.0 collapsed=1
[ 20/144] w=0.50 S_init=50 seed=49 -> convS=   0.8 collapsed=1
[ 21/144] w=0.50 S_init=50 seed=50 -> convS=   0.1 collapsed=1
[ 22/144] w=0.50 S_init=50 seed=51 -> convS=   0.4 collapsed=1
[ 23/144] w=0.50 S_init=50 seed=53 -> convS=   0.1 collapsed=1
[ 24/144] w=0.50 S_init=50 seed=52 -> convS=   0.4 collapsed=1
[ 25/144] w=0.50 S_init=150 seed=42 -> convS=   0.7 collapsed=1
[ 26/144] w=0.50 S_init=150 seed=44 -> convS=   0.0 collapsed=1
[ 27/144] w=0.50 S_init=150 seed=43 -> convS=   4.1 collapsed=1
[ 28/144] w=0.50 S_init=150 seed=45 -> convS=   1.1 collapsed=1
[ 29/144] w=0.50 S_init=150 seed=46 -> convS=   1.0 collapsed=1
[ 30/144] w=0.50 S_init=150 seed=47 -> convS=   0.0 collapsed=1
[ 31/144] w=0.50 S_init=150 seed=50 -> convS=   0.3 collapsed=1
[ 32/144] w=0.50 S_init=150 seed=49 -> convS=   0.4 collapsed=1
[ 33/144] w=0.50 S_init=150 seed=48 -> convS=   0.7 collapsed=1
[ 34/144] w=0.50 S_init=150 seed=51 -> convS=   0.7 collapsed=1
[ 35/144] w=0.50 S_init=150 seed=53 -> convS=   0.1 collapsed=1
[ 36/144] w=0.50 S_init=250 seed=43 -> convS=   2.9 collapsed=1
[ 37/144] w=0.50 S_init=150 seed=52 -> convS=   0.5 collapsed=1
[ 38/144] w=0.50 S_init=250 seed=42 -> convS=   0.9 collapsed=1
[ 39/144] w=0.50 S_init=250 seed=44 -> convS=   0.0 collapsed=1
[ 40/144] w=0.50 S_init=250 seed=45 -> convS=   2.3 collapsed=1
[ 41/144] w=0.50 S_init=250 seed=47 -> convS=   0.0 collapsed=1
[ 42/144] w=0.50 S_init=250 seed=46 -> convS=   1.3 collapsed=1
[ 43/144] w=0.50 S_init=250 seed=48 -> convS=   0.2 collapsed=1
[ 44/144] w=0.50 S_init=250 seed=49 -> convS=   0.5 collapsed=1
[ 45/144] w=0.50 S_init=250 seed=50 -> convS=   0.2 collapsed=1
[ 46/144] w=0.50 S_init=250 seed=52 -> convS=   0.5 collapsed=1
[ 47/144] w=0.50 S_init=250 seed=51 -> convS=   0.9 collapsed=1
[ 48/144] w=0.50 S_init=250 seed=53 -> convS=   0.2 collapsed=1
[ 49/144] w=0.85 S_init=0 seed=42 -> convS=  17.1 collapsed=0
[ 50/144] w=0.85 S_init=0 seed=43 -> convS=  23.3 collapsed=0
[ 51/144] w=0.85 S_init=0 seed=44 -> convS=  13.4 collapsed=0
[ 52/144] w=0.85 S_init=0 seed=46 -> convS=  15.1 collapsed=0
[ 53/144] w=0.85 S_init=0 seed=47 -> convS=  16.5 collapsed=0
[ 54/144] w=0.85 S_init=0 seed=45 -> convS=  20.0 collapsed=0
[ 55/144] w=0.85 S_init=0 seed=48 -> convS=  15.1 collapsed=0
[ 56/144] w=0.85 S_init=0 seed=49 -> convS=  14.8 collapsed=0
[ 57/144] w=0.85 S_init=0 seed=50 -> convS=  21.6 collapsed=0
[ 58/144] w=0.85 S_init=0 seed=51 -> convS=  11.0 collapsed=0
[ 59/144] w=0.85 S_init=0 seed=52 -> convS=  20.7 collapsed=0
[ 60/144] w=0.85 S_init=0 seed=53 -> convS=  33.1 collapsed=0
[ 61/144] w=0.85 S_init=50 seed=42 -> convS=  18.2 collapsed=0
[ 62/144] w=0.85 S_init=50 seed=45 -> convS=  20.2 collapsed=0
[ 63/144] w=0.85 S_init=50 seed=43 -> convS=  23.2 collapsed=0
[ 64/144] w=0.85 S_init=50 seed=44 -> convS=  13.3 collapsed=0
[ 65/144] w=0.85 S_init=50 seed=46 -> convS=  12.7 collapsed=0
[ 66/144] w=0.85 S_init=50 seed=48 -> convS=  15.8 collapsed=0
[ 67/144] w=0.85 S_init=50 seed=49 -> convS=  11.1 collapsed=0
[ 68/144] w=0.85 S_init=50 seed=47 -> convS=  18.3 collapsed=0
[ 69/144] w=0.85 S_init=50 seed=50 -> convS=  22.5 collapsed=0
[ 70/144] w=0.85 S_init=50 seed=51 -> convS=  10.6 collapsed=0
[ 71/144] w=0.85 S_init=50 seed=52 -> convS=  15.5 collapsed=0
[ 72/144] w=0.85 S_init=150 seed=42 -> convS=  13.4 collapsed=0
[ 73/144] w=0.85 S_init=50 seed=53 -> convS=  14.8 collapsed=0
[ 74/144] w=0.85 S_init=150 seed=44 -> convS=  10.1 collapsed=0
[ 75/144] w=0.85 S_init=150 seed=43 -> convS=  17.1 collapsed=0
[ 76/144] w=0.85 S_init=150 seed=45 -> convS=  13.9 collapsed=0
[ 77/144] w=0.85 S_init=150 seed=46 -> convS=  13.2 collapsed=0
[ 78/144] w=0.85 S_init=150 seed=47 -> convS=  19.4 collapsed=0
[ 79/144] w=0.85 S_init=150 seed=48 -> convS=  13.7 collapsed=0
[ 80/144] w=0.85 S_init=150 seed=49 -> convS=  13.8 collapsed=0
[ 81/144] w=0.85 S_init=150 seed=50 -> convS=  17.2 collapsed=0
[ 82/144] w=0.85 S_init=150 seed=51 -> convS=   9.3 collapsed=0
[ 83/144] w=0.85 S_init=150 seed=52 -> convS=  11.5 collapsed=0
[ 84/144] w=0.85 S_init=150 seed=53 -> convS=  14.6 collapsed=0
[ 85/144] w=0.85 S_init=250 seed=44 -> convS=  14.1 collapsed=1
[ 86/144] w=0.85 S_init=250 seed=42 -> convS=  15.4 collapsed=0
[ 87/144] w=0.85 S_init=250 seed=43 -> convS=  19.2 collapsed=0
[ 88/144] w=0.85 S_init=250 seed=45 -> convS=  14.2 collapsed=0
[ 89/144] w=0.85 S_init=250 seed=47 -> convS=  17.6 collapsed=1
[ 90/144] w=0.85 S_init=250 seed=46 -> convS=   9.5 collapsed=0
[ 91/144] w=0.85 S_init=250 seed=48 -> convS=  15.6 collapsed=1
[ 92/144] w=0.85 S_init=250 seed=50 -> convS=  14.8 collapsed=0
[ 93/144] w=0.85 S_init=250 seed=52 -> convS=  12.6 collapsed=1
[ 94/144] w=0.85 S_init=250 seed=49 -> convS=   9.9 collapsed=1
[ 95/144] w=0.85 S_init=250 seed=51 -> convS=  11.0 collapsed=0
[ 96/144] w=1.00 S_init=0 seed=42 -> convS=  31.8 collapsed=0
[ 97/144] w=0.85 S_init=250 seed=53 -> convS=  15.6 collapsed=0
[ 98/144] w=1.00 S_init=0 seed=43 -> convS=  35.0 collapsed=0
[ 99/144] w=1.00 S_init=0 seed=44 -> convS=  24.1 collapsed=0
[100/144] w=1.00 S_init=0 seed=45 -> convS=  31.8 collapsed=0
[101/144] w=1.00 S_init=0 seed=46 -> convS=  17.1 collapsed=0
[102/144] w=1.00 S_init=0 seed=48 -> convS=  34.2 collapsed=0
[103/144] w=1.00 S_init=0 seed=47 -> convS=  89.2 collapsed=0
[104/144] w=1.00 S_init=0 seed=50 -> convS=  39.9 collapsed=0
[105/144] w=1.00 S_init=0 seed=49 -> convS=  26.6 collapsed=0
[106/144] w=1.00 S_init=0 seed=52 -> convS=  24.5 collapsed=0
[107/144] w=1.00 S_init=0 seed=51 -> convS=  19.2 collapsed=0
[108/144] w=1.00 S_init=0 seed=53 -> convS= 100.9 collapsed=0
[109/144] w=1.00 S_init=50 seed=42 -> convS=  21.6 collapsed=0
[110/144] w=1.00 S_init=50 seed=43 -> convS=  27.6 collapsed=0
[111/144] w=1.00 S_init=50 seed=44 -> convS=  22.3 collapsed=0
[112/144] w=1.00 S_init=50 seed=45 -> convS=  29.0 collapsed=0
[113/144] w=1.00 S_init=50 seed=47 -> convS=  43.7 collapsed=0
[114/144] w=1.00 S_init=50 seed=46 -> convS=  18.2 collapsed=0
[115/144] w=1.00 S_init=50 seed=48 -> convS=  27.3 collapsed=0
[116/144] w=1.00 S_init=50 seed=49 -> convS=  22.4 collapsed=0
[117/144] w=1.00 S_init=50 seed=50 -> convS=  32.9 collapsed=0
[118/144] w=1.00 S_init=50 seed=51 -> convS=  18.2 collapsed=0
[119/144] w=1.00 S_init=50 seed=52 -> convS=  20.7 collapsed=0
[120/144] w=1.00 S_init=50 seed=53 -> convS=  28.5 collapsed=0
[121/144] w=1.00 S_init=150 seed=42 -> convS=  28.1 collapsed=0
[122/144] w=1.00 S_init=150 seed=44 -> convS=  21.3 collapsed=0
[123/144] w=1.00 S_init=150 seed=43 -> convS=  25.7 collapsed=0
[124/144] w=1.00 S_init=150 seed=45 -> convS=  23.8 collapsed=0
[125/144] w=1.00 S_init=150 seed=46 -> convS=  17.3 collapsed=0
[126/144] w=1.00 S_init=150 seed=47 -> convS=  32.7 collapsed=0
[127/144] w=1.00 S_init=150 seed=48 -> convS=  19.9 collapsed=0
[128/144] w=1.00 S_init=150 seed=49 -> convS=  16.4 collapsed=0
[129/144] w=1.00 S_init=150 seed=50 -> convS=  23.6 collapsed=0
[130/144] w=1.00 S_init=150 seed=51 -> convS=  17.5 collapsed=0
[131/144] w=1.00 S_init=150 seed=52 -> convS=  20.2 collapsed=0
[132/144] w=1.00 S_init=150 seed=53 -> convS=  22.6 collapsed=0
[133/144] w=1.00 S_init=250 seed=42 -> convS=  24.6 collapsed=0
[134/144] w=1.00 S_init=250 seed=43 -> convS=  27.6 collapsed=0
[135/144] w=1.00 S_init=250 seed=44 -> convS=  14.5 collapsed=1
[136/144] w=1.00 S_init=250 seed=45 -> convS=  27.5 collapsed=0
[137/144] w=1.00 S_init=250 seed=46 -> convS=  19.4 collapsed=0
[138/144] w=1.00 S_init=250 seed=48 -> convS=  23.6 collapsed=0
[139/144] w=1.00 S_init=250 seed=47 -> convS=  37.6 collapsed=1
[140/144] w=1.00 S_init=250 seed=49 -> convS=  12.7 collapsed=0
[141/144] w=1.00 S_init=250 seed=50 -> convS=  22.9 collapsed=0
[142/144] w=1.00 S_init=250 seed=52 -> convS=  20.2 collapsed=0
[143/144] w=1.00 S_init=250 seed=51 -> convS=  19.4 collapsed=0
[144/144] w=1.00 S_init=250 seed=53 -> convS=  21.3 collapsed=0

=== Exp C: converged_S by (w, S_init) ===
                  mean        std
w    S_init                      
0.50 0.0      1.187101   1.392597
     50.0     1.100503   2.093268
     150.0    0.805789   1.087395
     250.0    0.813011   0.921336
0.85 0.0     18.483190   5.866204
     50.0    16.343280   4.195569
     150.0   13.930847   2.937126
     250.0   14.130599   2.954127
1.00 0.0     39.519802  26.882805
     50.0    26.034937   7.239557
     150.0   22.408556   4.770961
     250.0   22.600257   6.548466

If converged_S is ~flat across S_init within a w -> w-driven (not initialization).
If it tracks S_init -> bistable / initialization-driven (basin).

Saved docs/expC_figures/expC_basin.png
=== EXP C DONE / EXP B START Wed Jun  3 12:42:30 IST 2026 ===
Experiment B: 10 w x 6 λ x 15 seeds = 900 runs @ 150000 steps, procs=10
Process SpawnPoolWorker-10:
Traceback (most recent call last):
  File "/opt/homebrew/Cellar/python@3.14/3.14.0_1/Frameworks/Python.framework/Versions/3.14/lib/python3.14/multiprocessing/pool.py", line 131, in worker
    put((job, i, result))
    ~~~^^^^^^^^^^^^^^^^^^
  File "/opt/homebrew/Cellar/python@3.14/3.14.0_1/Frameworks/Python.framework/Versions/3.14/lib/python3.14/multiprocessing/queues.py", line 397, in put
    self._writer.send_bytes(obj)
    ~~~~~~~~~~~~~~~~~~~~~~~^^^^^
  File "/opt/homebrew/Cellar/python@3.14/3.14.0_1/Frameworks/Python.framework/Versions/3.14/lib/python3.14/multiprocessing/connection.py", line 206, in send_bytes
    self._send_bytes(m[offset:offset + size])
    ~~~~~~~~~~~~~~~~^^^^^^^^^^^^^^^^^^^^^^^^^
  File "/opt/homebrew/Cellar/python@3.14/3.14.0_1/Frameworks/Python.framework/Versions/3.14/lib/python3.14/multiprocessing/connection.py", line 444, in _send_bytes
    self._send(header + buf)
    ~~~~~~~~~~^^^^^^^^^^^^^^
  File "/opt/homebrew/Cellar/python@3.14/3.14.0_1/Frameworks/Python.framework/Versions/3.14/lib/python3.14/multiprocessing/connection.py", line 400, in _send
    n = write(self._handle, buf)
BrokenPipeError: [Errno 32] Broken pipe

During handling of the above exception, another exception occurred:

Traceback (most recent call last):
  File "/opt/homebrew/Cellar/python@3.14/3.14.0_1/Frameworks/Python.framework/Versions/3.14/lib/python3.14/multiprocessing/process.py", line 320, in _bootstrap
    self.run()
    ~~~~~~~~^^
  File "/opt/homebrew/Cellar/python@3.14/3.14.0_1/Frameworks/Python.framework/Versions/3.14/lib/python3.14/multiprocessing/process.py", line 108, in run
    self._target(*self._args, **self._kwargs)
    ~~~~~~~~~~~~^^^^^^^^^^^^^^^^^^^^^^^^^^^^^
  File "/opt/homebrew/Cellar/python@3.14/3.14.0_1/Frameworks/Python.framework/Versions/3.14/lib/python3.14/multiprocessing/pool.py", line 136, in worker
    put((job, i, (False, wrapped)))
    ~~~^^^^^^^^^^^^^^^^^^^^^^^^^^^^
  File "/opt/homebrew/Cellar/python@3.14/3.14.0_1/Frameworks/Python.framework/Versions/3.14/lib/python3.14/multiprocessing/queues.py", line 397, in put
    self._writer.send_bytes(obj)
    ~~~~~~~~~~~~~~~~~~~~~~~^^^^^
  File "/opt/homebrew/Cellar/python@3.14/3.14.0_1/Frameworks/Python.framework/Versions/3.14/lib/python3.14/multiprocessing/connection.py", line 206, in send_bytes
    self._send_bytes(m[offset:offset + size])
    ~~~~~~~~~~~~~~~~^^^^^^^^^^^^^^^^^^^^^^^^^
  File "/opt/homebrew/Cellar/python@3.14/3.14.0_1/Frameworks/Python.framework/Versions/3.14/lib/python3.14/multiprocessing/connection.py", line 444, in _send_bytes
    self._send(header + buf)
    ~~~~~~~~~~^^^^^^^^^^^^^^
  File "/opt/homebrew/Cellar/python@3.14/3.14.0_1/Frameworks/Python.framework/Versions/3.14/lib/python3.14/multiprocessing/connection.py", line 400, in _send
    n = write(self._handle, buf)
BrokenPipeError: [Errno 32] Broken pipe
Process SpawnPoolWorker-3:
Traceback (most recent call last):
  File "/opt/homebrew/Cellar/python@3.14/3.14.0_1/Frameworks/Python.framework/Versions/3.14/lib/python3.14/multiprocessing/pool.py", line 131, in worker
    put((job, i, result))
    ~~~^^^^^^^^^^^^^^^^^^
  File "/opt/homebrew/Cellar/python@3.14/3.14.0_1/Frameworks/Python.framework/Versions/3.14/lib/python3.14/multiprocessing/queues.py", line 397, in put
    self._writer.send_bytes(obj)
    ~~~~~~~~~~~~~~~~~~~~~~~^^^^^
  File "/opt/homebrew/Cellar/python@3.14/3.14.0_1/Frameworks/Python.framework/Versions/3.14/lib/python3.14/multiprocessing/connection.py", line 206, in send_bytes
    self._send_bytes(m[offset:offset + size])
    ~~~~~~~~~~~~~~~~^^^^^^^^^^^^^^^^^^^^^^^^^
  File "/opt/homebrew/Cellar/python@3.14/3.14.0_1/Frameworks/Python.framework/Versions/3.14/lib/python3.14/multiprocessing/connection.py", line 444, in _send_bytes
    self._send(header + buf)
    ~~~~~~~~~~^^^^^^^^^^^^^^
  File "/opt/homebrew/Cellar/python@3.14/3.14.0_1/Frameworks/Python.framework/Versions/3.14/lib/python3.14/multiprocessing/connection.py", line 400, in _send
    n = write(self._handle, buf)
BrokenPipeError: [Errno 32] Broken pipe

During handling of the above exception, another exception occurred:

Traceback (most recent call last):
  File "/opt/homebrew/Cellar/python@3.14/3.14.0_1/Frameworks/Python.framework/Versions/3.14/lib/python3.14/multiprocessing/process.py", line 320, in _bootstrap
    self.run()
    ~~~~~~~~^^
  File "/opt/homebrew/Cellar/python@3.14/3.14.0_1/Frameworks/Python.framework/Versions/3.14/lib/python3.14/multiprocessing/process.py", line 108, in run
    self._target(*self._args, **self._kwargs)
    ~~~~~~~~~~~~^^^^^^^^^^^^^^^^^^^^^^^^^^^^^
  File "/opt/homebrew/Cellar/python@3.14/3.14.0_1/Frameworks/Python.framework/Versions/3.14/lib/python3.14/multiprocessing/pool.py", line 136, in worker
    put((job, i, (False, wrapped)))
    ~~~^^^^^^^^^^^^^^^^^^^^^^^^^^^^
  File "/opt/homebrew/Cellar/python@3.14/3.14.0_1/Frameworks/Python.framework/Versions/3.14/lib/python3.14/multiprocessing/queues.py", line 397, in put
    self._writer.send_bytes(obj)
    ~~~~~~~~~~~~~~~~~~~~~~~^^^^^
  File "/opt/homebrew/Cellar/python@3.14/3.14.0_1/Frameworks/Python.framework/Versions/3.14/lib/python3.14/multiprocessing/connection.py", line 206, in send_bytes
    self._send_bytes(m[offset:offset + size])
    ~~~~~~~~~~~~~~~~^^^^^^^^^^^^^^^^^^^^^^^^^
  File "/opt/homebrew/Cellar/python@3.14/3.14.0_1/Frameworks/Python.framework/Versions/3.14/lib/python3.14/multiprocessing/connection.py", line 444, in _send_bytes
    self._send(header + buf)
    ~~~~~~~~~~^^^^^^^^^^^^^^
  File "/opt/homebrew/Cellar/python@3.14/3.14.0_1/Frameworks/Python.framework/Versions/3.14/lib/python3.14/multiprocessing/connection.py", line 400, in _send
    n = write(self._handle, buf)
BrokenPipeError: [Errno 32] Broken pipe
Process SpawnPoolWorker-7:
Traceback (most recent call last):
  File "/opt/homebrew/Cellar/python@3.14/3.14.0_1/Frameworks/Python.framework/Versions/3.14/lib/python3.14/multiprocessing/pool.py", line 131, in worker
    put((job, i, result))
    ~~~^^^^^^^^^^^^^^^^^^
  File "/opt/homebrew/Cellar/python@3.14/3.14.0_1/Frameworks/Python.framework/Versions/3.14/lib/python3.14/multiprocessing/queues.py", line 397, in put
    self._writer.send_bytes(obj)
    ~~~~~~~~~~~~~~~~~~~~~~~^^^^^
  File "/opt/homebrew/Cellar/python@3.14/3.14.0_1/Frameworks/Python.framework/Versions/3.14/lib/python3.14/multiprocessing/connection.py", line 206, in send_bytes
    self._send_bytes(m[offset:offset + size])
    ~~~~~~~~~~~~~~~~^^^^^^^^^^^^^^^^^^^^^^^^^
  File "/opt/homebrew/Cellar/python@3.14/3.14.0_1/Frameworks/Python.framework/Versions/3.14/lib/python3.14/multiprocessing/connection.py", line 444, in _send_bytes
    self._send(header + buf)
    ~~~~~~~~~~^^^^^^^^^^^^^^
  File "/opt/homebrew/Cellar/python@3.14/3.14.0_1/Frameworks/Python.framework/Versions/3.14/lib/python3.14/multiprocessing/connection.py", line 400, in _send
    n = write(self._handle, buf)
BrokenPipeError: [Errno 32] Broken pipe

During handling of the above exception, another exception occurred:

Traceback (most recent call last):
  File "/opt/homebrew/Cellar/python@3.14/3.14.0_1/Frameworks/Python.framework/Versions/3.14/lib/python3.14/multiprocessing/process.py", line 320, in _bootstrap
    self.run()
    ~~~~~~~~^^
  File "/opt/homebrew/Cellar/python@3.14/3.14.0_1/Frameworks/Python.framework/Versions/3.14/lib/python3.14/multiprocessing/process.py", line 108, in run
    self._target(*self._args, **self._kwargs)
    ~~~~~~~~~~~~^^^^^^^^^^^^^^^^^^^^^^^^^^^^^
  File "/opt/homebrew/Cellar/python@3.14/3.14.0_1/Frameworks/Python.framework/Versions/3.14/lib/python3.14/multiprocessing/pool.py", line 136, in worker
    put((job, i, (False, wrapped)))
    ~~~^^^^^^^^^^^^^^^^^^^^^^^^^^^^
  File "/opt/homebrew/Cellar/python@3.14/3.14.0_1/Frameworks/Python.framework/Versions/3.14/lib/python3.14/multiprocessing/queues.py", line 397, in put
    self._writer.send_bytes(obj)
    ~~~~~~~~~~~~~~~~~~~~~~~^^^^^
  File "/opt/homebrew/Cellar/python@3.14/3.14.0_1/Frameworks/Python.framework/Versions/3.14/lib/python3.14/multiprocessing/connection.py", line 206, in send_bytes
    self._send_bytes(m[offset:offset + size])
    ~~~~~~~~~~~~~~~~^^^^^^^^^^^^^^^^^^^^^^^^^
  File "/opt/homebrew/Cellar/python@3.14/3.14.0_1/Frameworks/Python.framework/Versions/3.14/lib/python3.14/multiprocessing/connection.py", line 444, in _send_bytes
    self._send(header + buf)
    ~~~~~~~~~~^^^^^^^^^^^^^^
  File "/opt/homebrew/Cellar/python@3.14/3.14.0_1/Frameworks/Python.framework/Versions/3.14/lib/python3.14/multiprocessing/connection.py", line 400, in _send
    n = write(self._handle, buf)
BrokenPipeError: [Errno 32] Broken pipe
Process SpawnPoolWorker-9:
Traceback (most recent call last):
  File "/opt/homebrew/Cellar/python@3.14/3.14.0_1/Frameworks/Python.framework/Versions/3.14/lib/python3.14/multiprocessing/pool.py", line 131, in worker
    put((job, i, result))
    ~~~^^^^^^^^^^^^^^^^^^
  File "/opt/homebrew/Cellar/python@3.14/3.14.0_1/Frameworks/Python.framework/Versions/3.14/lib/python3.14/multiprocessing/queues.py", line 397, in put
    self._writer.send_bytes(obj)
    ~~~~~~~~~~~~~~~~~~~~~~~^^^^^
  File "/opt/homebrew/Cellar/python@3.14/3.14.0_1/Frameworks/Python.framework/Versions/3.14/lib/python3.14/multiprocessing/connection.py", line 206, in send_bytes
    self._send_bytes(m[offset:offset + size])
    ~~~~~~~~~~~~~~~~^^^^^^^^^^^^^^^^^^^^^^^^^
  File "/opt/homebrew/Cellar/python@3.14/3.14.0_1/Frameworks/Python.framework/Versions/3.14/lib/python3.14/multiprocessing/connection.py", line 444, in _send_bytes
    self._send(header + buf)
    ~~~~~~~~~~^^^^^^^^^^^^^^
  File "/opt/homebrew/Cellar/python@3.14/3.14.0_1/Frameworks/Python.framework/Versions/3.14/lib/python3.14/multiprocessing/connection.py", line 400, in _send
    n = write(self._handle, buf)
BrokenPipeError: [Errno 32] Broken pipe

During handling of the above exception, another exception occurred:

Traceback (most recent call last):
  File "/opt/homebrew/Cellar/python@3.14/3.14.0_1/Frameworks/Python.framework/Versions/3.14/lib/python3.14/multiprocessing/process.py", line 320, in _bootstrap
    self.run()
    ~~~~~~~~^^
  File "/opt/homebrew/Cellar/python@3.14/3.14.0_1/Frameworks/Python.framework/Versions/3.14/lib/python3.14/multiprocessing/process.py", line 108, in run
    self._target(*self._args, **self._kwargs)
    ~~~~~~~~~~~~^^^^^^^^^^^^^^^^^^^^^^^^^^^^^
  File "/opt/homebrew/Cellar/python@3.14/3.14.0_1/Frameworks/Python.framework/Versions/3.14/lib/python3.14/multiprocessing/pool.py", line 136, in worker
    put((job, i, (False, wrapped)))
    ~~~^^^^^^^^^^^^^^^^^^^^^^^^^^^^
  File "/opt/homebrew/Cellar/python@3.14/3.14.0_1/Frameworks/Python.framework/Versions/3.14/lib/python3.14/multiprocessing/queues.py", line 397, in put
    self._writer.send_bytes(obj)
    ~~~~~~~~~~~~~~~~~~~~~~~^^^^^
  File "/opt/homebrew/Cellar/python@3.14/3.14.0_1/Frameworks/Python.framework/Versions/3.14/lib/python3.14/multiprocessing/connection.py", line 206, in send_bytes
    self._send_bytes(m[offset:offset + size])
    ~~~~~~~~~~~~~~~~^^^^^^^^^^^^^^^^^^^^^^^^^
  File "/opt/homebrew/Cellar/python@3.14/3.14.0_1/Frameworks/Python.framework/Versions/3.14/lib/python3.14/multiprocessing/connection.py", line 444, in _send_bytes
    self._send(header + buf)
    ~~~~~~~~~~^^^^^^^^^^^^^^
  File "/opt/homebrew/Cellar/python@3.14/3.14.0_1/Frameworks/Python.framework/Versions/3.14/lib/python3.14/multiprocessing/connection.py", line 400, in _send
    n = write(self._handle, buf)
BrokenPipeError: [Errno 32] Broken pipe
Process SpawnPoolWorker-1:
Traceback (most recent call last):
  File "/opt/homebrew/Cellar/python@3.14/3.14.0_1/Frameworks/Python.framework/Versions/3.14/lib/python3.14/multiprocessing/pool.py", line 131, in worker
    put((job, i, result))
    ~~~^^^^^^^^^^^^^^^^^^
  File "/opt/homebrew/Cellar/python@3.14/3.14.0_1/Frameworks/Python.framework/Versions/3.14/lib/python3.14/multiprocessing/queues.py", line 397, in put
    self._writer.send_bytes(obj)
    ~~~~~~~~~~~~~~~~~~~~~~~^^^^^
  File "/opt/homebrew/Cellar/python@3.14/3.14.0_1/Frameworks/Python.framework/Versions/3.14/lib/python3.14/multiprocessing/connection.py", line 206, in send_bytes
    self._send_bytes(m[offset:offset + size])
    ~~~~~~~~~~~~~~~~^^^^^^^^^^^^^^^^^^^^^^^^^
  File "/opt/homebrew/Cellar/python@3.14/3.14.0_1/Frameworks/Python.framework/Versions/3.14/lib/python3.14/multiprocessing/connection.py", line 444, in _send_bytes
    self._send(header + buf)
    ~~~~~~~~~~^^^^^^^^^^^^^^
  File "/opt/homebrew/Cellar/python@3.14/3.14.0_1/Frameworks/Python.framework/Versions/3.14/lib/python3.14/multiprocessing/connection.py", line 400, in _send
    n = write(self._handle, buf)
BrokenPipeError: [Errno 32] Broken pipe

During handling of the above exception, another exception occurred:

Traceback (most recent call last):
  File "/opt/homebrew/Cellar/python@3.14/3.14.0_1/Frameworks/Python.framework/Versions/3.14/lib/python3.14/multiprocessing/process.py", line 320, in _bootstrap
    self.run()
    ~~~~~~~~^^
  File "/opt/homebrew/Cellar/python@3.14/3.14.0_1/Frameworks/Python.framework/Versions/3.14/lib/python3.14/multiprocessing/process.py", line 108, in run
    self._target(*self._args, **self._kwargs)
    ~~~~~~~~~~~~^^^^^^^^^^^^^^^^^^^^^^^^^^^^^
  File "/opt/homebrew/Cellar/python@3.14/3.14.0_1/Frameworks/Python.framework/Versions/3.14/lib/python3.14/multiprocessing/pool.py", line 136, in worker
    put((job, i, (False, wrapped)))
    ~~~^^^^^^^^^^^^^^^^^^^^^^^^^^^^
  File "/opt/homebrew/Cellar/python@3.14/3.14.0_1/Frameworks/Python.framework/Versions/3.14/lib/python3.14/multiprocessing/queues.py", line 397, in put
    self._writer.send_bytes(obj)
    ~~~~~~~~~~~~~~~~~~~~~~~^^^^^
  File "/opt/homebrew/Cellar/python@3.14/3.14.0_1/Frameworks/Python.framework/Versions/3.14/lib/python3.14/multiprocessing/connection.py", line 206, in send_bytes
    self._send_bytes(m[offset:offset + size])
    ~~~~~~~~~~~~~~~~^^^^^^^^^^^^^^^^^^^^^^^^^
  File "/opt/homebrew/Cellar/python@3.14/3.14.0_1/Frameworks/Python.framework/Versions/3.14/lib/python3.14/multiprocessing/connection.py", line 444, in _send_bytes
    self._send(header + buf)
    ~~~~~~~~~~^^^^^^^^^^^^^^
  File "/opt/homebrew/Cellar/python@3.14/3.14.0_1/Frameworks/Python.framework/Versions/3.14/lib/python3.14/multiprocessing/connection.py", line 400, in _send
    n = write(self._handle, buf)
BrokenPipeError: [Errno 32] Broken pipe
Process SpawnPoolWorker-8:
Traceback (most recent call last):
  File "/opt/homebrew/Cellar/python@3.14/3.14.0_1/Frameworks/Python.framework/Versions/3.14/lib/python3.14/multiprocessing/pool.py", line 131, in worker
    put((job, i, result))
    ~~~^^^^^^^^^^^^^^^^^^
  File "/opt/homebrew/Cellar/python@3.14/3.14.0_1/Frameworks/Python.framework/Versions/3.14/lib/python3.14/multiprocessing/queues.py", line 397, in put
    self._writer.send_bytes(obj)
    ~~~~~~~~~~~~~~~~~~~~~~~^^^^^
  File "/opt/homebrew/Cellar/python@3.14/3.14.0_1/Frameworks/Python.framework/Versions/3.14/lib/python3.14/multiprocessing/connection.py", line 206, in send_bytes
    self._send_bytes(m[offset:offset + size])
    ~~~~~~~~~~~~~~~~^^^^^^^^^^^^^^^^^^^^^^^^^
  File "/opt/homebrew/Cellar/python@3.14/3.14.0_1/Frameworks/Python.framework/Versions/3.14/lib/python3.14/multiprocessing/connection.py", line 444, in _send_bytes
    self._send(header + buf)
    ~~~~~~~~~~^^^^^^^^^^^^^^
  File "/opt/homebrew/Cellar/python@3.14/3.14.0_1/Frameworks/Python.framework/Versions/3.14/lib/python3.14/multiprocessing/connection.py", line 400, in _send
    n = write(self._handle, buf)
BrokenPipeError: [Errno 32] Broken pipe

During handling of the above exception, another exception occurred:

Traceback (most recent call last):
  File "/opt/homebrew/Cellar/python@3.14/3.14.0_1/Frameworks/Python.framework/Versions/3.14/lib/python3.14/multiprocessing/process.py", line 320, in _bootstrap
    self.run()
    ~~~~~~~~^^
  File "/opt/homebrew/Cellar/python@3.14/3.14.0_1/Frameworks/Python.framework/Versions/3.14/lib/python3.14/multiprocessing/process.py", line 108, in run
    self._target(*self._args, **self._kwargs)
    ~~~~~~~~~~~~^^^^^^^^^^^^^^^^^^^^^^^^^^^^^
  File "/opt/homebrew/Cellar/python@3.14/3.14.0_1/Frameworks/Python.framework/Versions/3.14/lib/python3.14/multiprocessing/pool.py", line 136, in worker
    put((job, i, (False, wrapped)))
    ~~~^^^^^^^^^^^^^^^^^^^^^^^^^^^^
  File "/opt/homebrew/Cellar/python@3.14/3.14.0_1/Frameworks/Python.framework/Versions/3.14/lib/python3.14/multiprocessing/queues.py", line 397, in put
    self._writer.send_bytes(obj)
    ~~~~~~~~~~~~~~~~~~~~~~~^^^^^
  File "/opt/homebrew/Cellar/python@3.14/3.14.0_1/Frameworks/Python.framework/Versions/3.14/lib/python3.14/multiprocessing/connection.py", line 206, in send_bytes
    self._send_bytes(m[offset:offset + size])
    ~~~~~~~~~~~~~~~~^^^^^^^^^^^^^^^^^^^^^^^^^
  File "/opt/homebrew/Cellar/python@3.14/3.14.0_1/Frameworks/Python.framework/Versions/3.14/lib/python3.14/multiprocessing/connection.py", line 444, in _send_bytes
    self._send(header + buf)
    ~~~~~~~~~~^^^^^^^^^^^^^^
  File "/opt/homebrew/Cellar/python@3.14/3.14.0_1/Frameworks/Python.framework/Versions/3.14/lib/python3.14/multiprocessing/connection.py", line 400, in _send
    n = write(self._handle, buf)
BrokenPipeError: [Errno 32] Broken pipe
Process SpawnPoolWorker-5:
Traceback (most recent call last):
  File "/opt/homebrew/Cellar/python@3.14/3.14.0_1/Frameworks/Python.framework/Versions/3.14/lib/python3.14/multiprocessing/pool.py", line 131, in worker
    put((job, i, result))
    ~~~^^^^^^^^^^^^^^^^^^
  File "/opt/homebrew/Cellar/python@3.14/3.14.0_1/Frameworks/Python.framework/Versions/3.14/lib/python3.14/multiprocessing/queues.py", line 397, in put
    self._writer.send_bytes(obj)
    ~~~~~~~~~~~~~~~~~~~~~~~^^^^^
  File "/opt/homebrew/Cellar/python@3.14/3.14.0_1/Frameworks/Python.framework/Versions/3.14/lib/python3.14/multiprocessing/connection.py", line 206, in send_bytes
    self._send_bytes(m[offset:offset + size])
    ~~~~~~~~~~~~~~~~^^^^^^^^^^^^^^^^^^^^^^^^^
  File "/opt/homebrew/Cellar/python@3.14/3.14.0_1/Frameworks/Python.framework/Versions/3.14/lib/python3.14/multiprocessing/connection.py", line 444, in _send_bytes
    self._send(header + buf)
    ~~~~~~~~~~^^^^^^^^^^^^^^
  File "/opt/homebrew/Cellar/python@3.14/3.14.0_1/Frameworks/Python.framework/Versions/3.14/lib/python3.14/multiprocessing/connection.py", line 400, in _send
    n = write(self._handle, buf)
BrokenPipeError: [Errno 32] Broken pipe

During handling of the above exception, another exception occurred:

Traceback (most recent call last):
  File "/opt/homebrew/Cellar/python@3.14/3.14.0_1/Frameworks/Python.framework/Versions/3.14/lib/python3.14/multiprocessing/process.py", line 320, in _bootstrap
    self.run()
    ~~~~~~~~^^
  File "/opt/homebrew/Cellar/python@3.14/3.14.0_1/Frameworks/Python.framework/Versions/3.14/lib/python3.14/multiprocessing/process.py", line 108, in run
    self._target(*self._args, **self._kwargs)
    ~~~~~~~~~~~~^^^^^^^^^^^^^^^^^^^^^^^^^^^^^
  File "/opt/homebrew/Cellar/python@3.14/3.14.0_1/Frameworks/Python.framework/Versions/3.14/lib/python3.14/multiprocessing/pool.py", line 136, in worker
    put((job, i, (False, wrapped)))
    ~~~^^^^^^^^^^^^^^^^^^^^^^^^^^^^
  File "/opt/homebrew/Cellar/python@3.14/3.14.0_1/Frameworks/Python.framework/Versions/3.14/lib/python3.14/multiprocessing/queues.py", line 397, in put
    self._writer.send_bytes(obj)
    ~~~~~~~~~~~~~~~~~~~~~~~^^^^^
  File "/opt/homebrew/Cellar/python@3.14/3.14.0_1/Frameworks/Python.framework/Versions/3.14/lib/python3.14/multiprocessing/connection.py", line 206, in send_bytes
    self._send_bytes(m[offset:offset + size])
    ~~~~~~~~~~~~~~~~^^^^^^^^^^^^^^^^^^^^^^^^^
  File "/opt/homebrew/Cellar/python@3.14/3.14.0_1/Frameworks/Python.framework/Versions/3.14/lib/python3.14/multiprocessing/connection.py", line 444, in _send_bytes
    self._send(header + buf)
    ~~~~~~~~~~^^^^^^^^^^^^^^
  File "/opt/homebrew/Cellar/python@3.14/3.14.0_1/Frameworks/Python.framework/Versions/3.14/lib/python3.14/multiprocessing/connection.py", line 400, in _send
    n = write(self._handle, buf)
BrokenPipeError: [Errno 32] Broken pipe
Process SpawnPoolWorker-2:
Traceback (most recent call last):
  File "/opt/homebrew/Cellar/python@3.14/3.14.0_1/Frameworks/Python.framework/Versions/3.14/lib/python3.14/multiprocessing/pool.py", line 131, in worker
    put((job, i, result))
    ~~~^^^^^^^^^^^^^^^^^^
  File "/opt/homebrew/Cellar/python@3.14/3.14.0_1/Frameworks/Python.framework/Versions/3.14/lib/python3.14/multiprocessing/queues.py", line 397, in put
    self._writer.send_bytes(obj)
    ~~~~~~~~~~~~~~~~~~~~~~~^^^^^
  File "/opt/homebrew/Cellar/python@3.14/3.14.0_1/Frameworks/Python.framework/Versions/3.14/lib/python3.14/multiprocessing/connection.py", line 206, in send_bytes
    self._send_bytes(m[offset:offset + size])
    ~~~~~~~~~~~~~~~~^^^^^^^^^^^^^^^^^^^^^^^^^
  File "/opt/homebrew/Cellar/python@3.14/3.14.0_1/Frameworks/Python.framework/Versions/3.14/lib/python3.14/multiprocessing/connection.py", line 444, in _send_bytes
    self._send(header + buf)
    ~~~~~~~~~~^^^^^^^^^^^^^^
  File "/opt/homebrew/Cellar/python@3.14/3.14.0_1/Frameworks/Python.framework/Versions/3.14/lib/python3.14/multiprocessing/connection.py", line 400, in _send
    n = write(self._handle, buf)
BrokenPipeError: [Errno 32] Broken pipe

During handling of the above exception, another exception occurred:

Traceback (most recent call last):
  File "/opt/homebrew/Cellar/python@3.14/3.14.0_1/Frameworks/Python.framework/Versions/3.14/lib/python3.14/multiprocessing/process.py", line 320, in _bootstrap
    self.run()
    ~~~~~~~~^^
  File "/opt/homebrew/Cellar/python@3.14/3.14.0_1/Frameworks/Python.framework/Versions/3.14/lib/python3.14/multiprocessing/process.py", line 108, in run
    self._target(*self._args, **self._kwargs)
    ~~~~~~~~~~~~^^^^^^^^^^^^^^^^^^^^^^^^^^^^^
  File "/opt/homebrew/Cellar/python@3.14/3.14.0_1/Frameworks/Python.framework/Versions/3.14/lib/python3.14/multiprocessing/pool.py", line 136, in worker
    put((job, i, (False, wrapped)))
    ~~~^^^^^^^^^^^^^^^^^^^^^^^^^^^^
  File "/opt/homebrew/Cellar/python@3.14/3.14.0_1/Frameworks/Python.framework/Versions/3.14/lib/python3.14/multiprocessing/queues.py", line 397, in put
    self._writer.send_bytes(obj)
    ~~~~~~~~~~~~~~~~~~~~~~~^^^^^
  File "/opt/homebrew/Cellar/python@3.14/3.14.0_1/Frameworks/Python.framework/Versions/3.14/lib/python3.14/multiprocessing/connection.py", line 206, in send_bytes
    self._send_bytes(m[offset:offset + size])
    ~~~~~~~~~~~~~~~~^^^^^^^^^^^^^^^^^^^^^^^^^
  File "/opt/homebrew/Cellar/python@3.14/3.14.0_1/Frameworks/Python.framework/Versions/3.14/lib/python3.14/multiprocessing/connection.py", line 444, in _send_bytes
    self._send(header + buf)
    ~~~~~~~~~~^^^^^^^^^^^^^^
  File "/opt/homebrew/Cellar/python@3.14/3.14.0_1/Frameworks/Python.framework/Versions/3.14/lib/python3.14/multiprocessing/connection.py", line 400, in _send
    n = write(self._handle, buf)
BrokenPipeError: [Errno 32] Broken pipe
Process SpawnPoolWorker-4:
Traceback (most recent call last):
  File "/opt/homebrew/Cellar/python@3.14/3.14.0_1/Frameworks/Python.framework/Versions/3.14/lib/python3.14/multiprocessing/pool.py", line 131, in worker
    put((job, i, result))
    ~~~^^^^^^^^^^^^^^^^^^
  File "/opt/homebrew/Cellar/python@3.14/3.14.0_1/Frameworks/Python.framework/Versions/3.14/lib/python3.14/multiprocessing/queues.py", line 397, in put
    self._writer.send_bytes(obj)
    ~~~~~~~~~~~~~~~~~~~~~~~^^^^^
  File "/opt/homebrew/Cellar/python@3.14/3.14.0_1/Frameworks/Python.framework/Versions/3.14/lib/python3.14/multiprocessing/connection.py", line 206, in send_bytes
    self._send_bytes(m[offset:offset + size])
    ~~~~~~~~~~~~~~~~^^^^^^^^^^^^^^^^^^^^^^^^^
  File "/opt/homebrew/Cellar/python@3.14/3.14.0_1/Frameworks/Python.framework/Versions/3.14/lib/python3.14/multiprocessing/connection.py", line 444, in _send_bytes
    self._send(header + buf)
    ~~~~~~~~~~^^^^^^^^^^^^^^
  File "/opt/homebrew/Cellar/python@3.14/3.14.0_1/Frameworks/Python.framework/Versions/3.14/lib/python3.14/multiprocessing/connection.py", line 400, in _send
    n = write(self._handle, buf)
BrokenPipeError: [Errno 32] Broken pipe

During handling of the above exception, another exception occurred:

Traceback (most recent call last):
  File "/opt/homebrew/Cellar/python@3.14/3.14.0_1/Frameworks/Python.framework/Versions/3.14/lib/python3.14/multiprocessing/process.py", line 320, in _bootstrap
    self.run()
    ~~~~~~~~^^
  File "/opt/homebrew/Cellar/python@3.14/3.14.0_1/Frameworks/Python.framework/Versions/3.14/lib/python3.14/multiprocessing/process.py", line 108, in run
    self._target(*self._args, **self._kwargs)
    ~~~~~~~~~~~~^^^^^^^^^^^^^^^^^^^^^^^^^^^^^
  File "/opt/homebrew/Cellar/python@3.14/3.14.0_1/Frameworks/Python.framework/Versions/3.14/lib/python3.14/multiprocessing/pool.py", line 136, in worker
    put((job, i, (False, wrapped)))
    ~~~^^^^^^^^^^^^^^^^^^^^^^^^^^^^
  File "/opt/homebrew/Cellar/python@3.14/3.14.0_1/Frameworks/Python.framework/Versions/3.14/lib/python3.14/multiprocessing/queues.py", line 397, in put
    self._writer.send_bytes(obj)
    ~~~~~~~~~~~~~~~~~~~~~~~^^^^^
  File "/opt/homebrew/Cellar/python@3.14/3.14.0_1/Frameworks/Python.framework/Versions/3.14/lib/python3.14/multiprocessing/connection.py", line 206, in send_bytes
    self._send_bytes(m[offset:offset + size])
    ~~~~~~~~~~~~~~~~^^^^^^^^^^^^^^^^^^^^^^^^^
  File "/opt/homebrew/Cellar/python@3.14/3.14.0_1/Frameworks/Python.framework/Versions/3.14/lib/python3.14/multiprocessing/connection.py", line 444, in _send_bytes
    self._send(header + buf)
    ~~~~~~~~~~^^^^^^^^^^^^^^
  File "/opt/homebrew/Cellar/python@3.14/3.14.0_1/Frameworks/Python.framework/Versions/3.14/lib/python3.14/multiprocessing/connection.py", line 400, in _send
    n = write(self._handle, buf)
BrokenPipeError: [Errno 32] Broken pipe
Process SpawnPoolWorker-6:
Traceback (most recent call last):
  File "/opt/homebrew/Cellar/python@3.14/3.14.0_1/Frameworks/Python.framework/Versions/3.14/lib/python3.14/multiprocessing/pool.py", line 131, in worker
    put((job, i, result))
    ~~~^^^^^^^^^^^^^^^^^^
  File "/opt/homebrew/Cellar/python@3.14/3.14.0_1/Frameworks/Python.framework/Versions/3.14/lib/python3.14/multiprocessing/queues.py", line 397, in put
    self._writer.send_bytes(obj)
    ~~~~~~~~~~~~~~~~~~~~~~~^^^^^
  File "/opt/homebrew/Cellar/python@3.14/3.14.0_1/Frameworks/Python.framework/Versions/3.14/lib/python3.14/multiprocessing/connection.py", line 206, in send_bytes
    self._send_bytes(m[offset:offset + size])
    ~~~~~~~~~~~~~~~~^^^^^^^^^^^^^^^^^^^^^^^^^
  File "/opt/homebrew/Cellar/python@3.14/3.14.0_1/Frameworks/Python.framework/Versions/3.14/lib/python3.14/multiprocessing/connection.py", line 444, in _send_bytes
    self._send(header + buf)
    ~~~~~~~~~~^^^^^^^^^^^^^^
  File "/opt/homebrew/Cellar/python@3.14/3.14.0_1/Frameworks/Python.framework/Versions/3.14/lib/python3.14/multiprocessing/connection.py", line 400, in _send
    n = write(self._handle, buf)
BrokenPipeError: [Errno 32] Broken pipe

During handling of the above exception, another exception occurred:

Traceback (most recent call last):
  File "/opt/homebrew/Cellar/python@3.14/3.14.0_1/Frameworks/Python.framework/Versions/3.14/lib/python3.14/multiprocessing/process.py", line 320, in _bootstrap
    self.run()
    ~~~~~~~~^^
  File "/opt/homebrew/Cellar/python@3.14/3.14.0_1/Frameworks/Python.framework/Versions/3.14/lib/python3.14/multiprocessing/process.py", line 108, in run
    self._target(*self._args, **self._kwargs)
    ~~~~~~~~~~~~^^^^^^^^^^^^^^^^^^^^^^^^^^^^^
  File "/opt/homebrew/Cellar/python@3.14/3.14.0_1/Frameworks/Python.framework/Versions/3.14/lib/python3.14/multiprocessing/pool.py", line 136, in worker
    put((job, i, (False, wrapped)))
    ~~~^^^^^^^^^^^^^^^^^^^^^^^^^^^^
  File "/opt/homebrew/Cellar/python@3.14/3.14.0_1/Frameworks/Python.framework/Versions/3.14/lib/python3.14/multiprocessing/queues.py", line 397, in put
    self._writer.send_bytes(obj)
    ~~~~~~~~~~~~~~~~~~~~~~~^^^^^
  File "/opt/homebrew/Cellar/python@3.14/3.14.0_1/Frameworks/Python.framework/Versions/3.14/lib/python3.14/multiprocessing/connection.py", line 206, in send_bytes
    self._send_bytes(m[offset:offset + size])
    ~~~~~~~~~~~~~~~~^^^^^^^^^^^^^^^^^^^^^^^^^
  File "/opt/homebrew/Cellar/python@3.14/3.14.0_1/Frameworks/Python.framework/Versions/3.14/lib/python3.14/multiprocessing/connection.py", line 444, in _send_bytes
    self._send(header + buf)
    ~~~~~~~~~~^^^^^^^^^^^^^^
  File "/opt/homebrew/Cellar/python@3.14/3.14.0_1/Frameworks/Python.framework/Versions/3.14/lib/python3.14/multiprocessing/connection.py", line 400, in _send
    n = write(self._handle, buf)
BrokenPipeError: [Errno 32] Broken pipe
/opt/homebrew/Cellar/python@3.14/3.14.0_1/Frameworks/Python.framework/Versions/3.14/lib/python3.14/multiprocessing/resource_tracker.py:297: UserWarning: resource_tracker: There appear to be 6 leaked semaphore objects to clean up at shutdown: {'/mp-arl1gw6t', '/mp-s7mbx4_3', '/mp-e56ii_30', '/mp-9rnfy4lh', '/mp-t0_kpzxg', '/mp-kx95j1qo'}
  warnings.warn(
